<?xml version="1.0" encoding="UTF-8"?>
<testsuite name="com.example.workflows.api.WorkflowsTest" tests="1" skipped="0" failures="1" errors="0" timestamp="2019-12-10T05:08:47" hostname="adel-VirtualBox" time="0.008">
  <properties/>
  <testcase name="start the ExampleFlowInitiator flow()" classname="com.example.workflows.api.WorkflowsTest" time="0.008">
    <failure message="org.testcontainers.containers.ContainerLaunchException: Container startup failed" type="org.testcontainers.containers.ContainerLaunchException">org.testcontainers.containers.ContainerLaunchException: Container startup failed
	at org.testcontainers.containers.GenericContainer.doStart(GenericContainer.java:307)
	at org.testcontainers.containers.GenericContainer.start(GenericContainer.java:287)
	at org.web3j.corda.network.CordaNode.start(CordaNode.kt:152)
	at org.web3j.corda.network.CordaPartyNode.start(CordaPartyNode.kt:77)
	at org.web3j.corda.network.CordaNetwork$Companion.network(CordaNetwork.kt:207)
	at org.web3j.corda.network.CordaNetworkDslKt.network(CordaNetworkDsl.kt:22)
	at com.example.workflows.api.WorkflowsTest.&lt;init&gt;(WorkflowsTest.kt:19)
	at sun.reflect.NativeConstructorAccessorImpl.newInstance0(Native Method)
	at sun.reflect.NativeConstructorAccessorImpl.newInstance(NativeConstructorAccessorImpl.java:62)
	at sun.reflect.DelegatingConstructorAccessorImpl.newInstance(DelegatingConstructorAccessorImpl.java:45)
	at java.lang.reflect.Constructor.newInstance(Constructor.java:423)
	at org.junit.platform.commons.util.ReflectionUtils.newInstance(ReflectionUtils.java:500)
	at org.junit.jupiter.engine.execution.ExecutableInvoker.invoke(ExecutableInvoker.java:62)
	at org.junit.jupiter.engine.descriptor.ClassTestDescriptor.invokeTestClassConstructor(ClassTestDescriptor.java:345)
	at org.junit.jupiter.engine.descriptor.ClassTestDescriptor.instantiateTestClass(ClassTestDescriptor.java:290)
	at org.junit.jupiter.engine.descriptor.ClassTestDescriptor.instantiateTestClass(ClassTestDescriptor.java:281)
	at org.junit.jupiter.engine.descriptor.ClassTestDescriptor.instantiateAndPostProcessTestInstance(ClassTestDescriptor.java:269)
	at org.junit.jupiter.engine.descriptor.ClassTestDescriptor.lambda$testInstancesProvider$2(ClassTestDescriptor.java:259)
	at org.junit.jupiter.engine.descriptor.ClassTestDescriptor.lambda$testInstancesProvider$3(ClassTestDescriptor.java:263)
	at java.util.Optional.orElseGet(Optional.java:267)
	at org.junit.jupiter.engine.descriptor.ClassTestDescriptor.lambda$testInstancesProvider$4(ClassTestDescriptor.java:262)
	at org.junit.jupiter.engine.descriptor.TestMethodTestDescriptor.lambda$prepare$0(TestMethodTestDescriptor.java:98)
	at org.junit.platform.engine.support.hierarchical.ThrowableCollector.execute(ThrowableCollector.java:73)
	at org.junit.jupiter.engine.descriptor.TestMethodTestDescriptor.prepare(TestMethodTestDescriptor.java:97)
	at org.junit.jupiter.engine.descriptor.TestMethodTestDescriptor.prepare(TestMethodTestDescriptor.java:68)
	at org.junit.platform.engine.support.hierarchical.NodeTestTask.lambda$prepare$1(NodeTestTask.java:107)
	at org.junit.platform.engine.support.hierarchical.ThrowableCollector.execute(ThrowableCollector.java:73)
	at org.junit.platform.engine.support.hierarchical.NodeTestTask.prepare(NodeTestTask.java:107)
	at org.junit.platform.engine.support.hierarchical.NodeTestTask.execute(NodeTestTask.java:75)
	at java.util.ArrayList.forEach(ArrayList.java:1257)
	at org.junit.platform.engine.support.hierarchical.SameThreadHierarchicalTestExecutorService.invokeAll(SameThreadHierarchicalTestExecutorService.java:38)
	at org.junit.platform.engine.support.hierarchical.NodeTestTask.lambda$executeRecursively$5(NodeTestTask.java:139)
	at org.junit.platform.engine.support.hierarchical.ThrowableCollector.execute(ThrowableCollector.java:73)
	at org.junit.platform.engine.support.hierarchical.NodeTestTask.lambda$executeRecursively$7(NodeTestTask.java:125)
	at org.junit.platform.engine.support.hierarchical.Node.around(Node.java:135)
	at org.junit.platform.engine.support.hierarchical.NodeTestTask.lambda$executeRecursively$8(NodeTestTask.java:123)
	at org.junit.platform.engine.support.hierarchical.ThrowableCollector.execute(ThrowableCollector.java:73)
	at org.junit.platform.engine.support.hierarchical.NodeTestTask.executeRecursively(NodeTestTask.java:122)
	at org.junit.platform.engine.support.hierarchical.NodeTestTask.execute(NodeTestTask.java:80)
	at java.util.ArrayList.forEach(ArrayList.java:1257)
	at org.junit.platform.engine.support.hierarchical.SameThreadHierarchicalTestExecutorService.invokeAll(SameThreadHierarchicalTestExecutorService.java:38)
	at org.junit.platform.engine.support.hierarchical.NodeTestTask.lambda$executeRecursively$5(NodeTestTask.java:139)
	at org.junit.platform.engine.support.hierarchical.ThrowableCollector.execute(ThrowableCollector.java:73)
	at org.junit.platform.engine.support.hierarchical.NodeTestTask.lambda$executeRecursively$7(NodeTestTask.java:125)
	at org.junit.platform.engine.support.hierarchical.Node.around(Node.java:135)
	at org.junit.platform.engine.support.hierarchical.NodeTestTask.lambda$executeRecursively$8(NodeTestTask.java:123)
	at org.junit.platform.engine.support.hierarchical.ThrowableCollector.execute(ThrowableCollector.java:73)
	at org.junit.platform.engine.support.hierarchical.NodeTestTask.executeRecursively(NodeTestTask.java:122)
	at org.junit.platform.engine.support.hierarchical.NodeTestTask.execute(NodeTestTask.java:80)
	at org.junit.platform.engine.support.hierarchical.SameThreadHierarchicalTestExecutorService.submit(SameThreadHierarchicalTestExecutorService.java:32)
	at org.junit.platform.engine.support.hierarchical.HierarchicalTestExecutor.execute(HierarchicalTestExecutor.java:57)
	at org.junit.platform.engine.support.hierarchical.HierarchicalTestEngine.execute(HierarchicalTestEngine.java:51)
	at org.junit.platform.launcher.core.DefaultLauncher.execute(DefaultLauncher.java:220)
	at org.junit.platform.launcher.core.DefaultLauncher.lambda$execute$6(DefaultLauncher.java:188)
	at org.junit.platform.launcher.core.DefaultLauncher.withInterceptedStreams(DefaultLauncher.java:202)
	at org.junit.platform.launcher.core.DefaultLauncher.execute(DefaultLauncher.java:181)
	at org.junit.platform.launcher.core.DefaultLauncher.execute(DefaultLauncher.java:128)
	at org.gradle.api.internal.tasks.testing.junitplatform.JUnitPlatformTestClassProcessor$CollectAllTestClassesExecutor.processAllTestClasses(JUnitPlatformTestClassProcessor.java:102)
	at org.gradle.api.internal.tasks.testing.junitplatform.JUnitPlatformTestClassProcessor$CollectAllTestClassesExecutor.access$000(JUnitPlatformTestClassProcessor.java:82)
	at org.gradle.api.internal.tasks.testing.junitplatform.JUnitPlatformTestClassProcessor.stop(JUnitPlatformTestClassProcessor.java:78)
	at org.gradle.api.internal.tasks.testing.SuiteTestClassProcessor.stop(SuiteTestClassProcessor.java:61)
	at sun.reflect.NativeMethodAccessorImpl.invoke0(Native Method)
	at sun.reflect.NativeMethodAccessorImpl.invoke(NativeMethodAccessorImpl.java:62)
	at sun.reflect.DelegatingMethodAccessorImpl.invoke(DelegatingMethodAccessorImpl.java:43)
	at java.lang.reflect.Method.invoke(Method.java:498)
	at org.gradle.internal.dispatch.ReflectionDispatch.dispatch(ReflectionDispatch.java:36)
	at org.gradle.internal.dispatch.ReflectionDispatch.dispatch(ReflectionDispatch.java:24)
	at org.gradle.internal.dispatch.ContextClassLoaderDispatch.dispatch(ContextClassLoaderDispatch.java:33)
	at org.gradle.internal.dispatch.ProxyDispatchAdapter$DispatchingInvocationHandler.invoke(ProxyDispatchAdapter.java:94)
	at com.sun.proxy.$Proxy2.stop(Unknown Source)
	at org.gradle.api.internal.tasks.testing.worker.TestWorker.stop(TestWorker.java:132)
	at sun.reflect.NativeMethodAccessorImpl.invoke0(Native Method)
	at sun.reflect.NativeMethodAccessorImpl.invoke(NativeMethodAccessorImpl.java:62)
	at sun.reflect.DelegatingMethodAccessorImpl.invoke(DelegatingMethodAccessorImpl.java:43)
	at java.lang.reflect.Method.invoke(Method.java:498)
	at org.gradle.internal.dispatch.ReflectionDispatch.dispatch(ReflectionDispatch.java:36)
	at org.gradle.internal.dispatch.ReflectionDispatch.dispatch(ReflectionDispatch.java:24)
	at org.gradle.internal.remote.internal.hub.MessageHubBackedObjectConnection$DispatchWrapper.dispatch(MessageHubBackedObjectConnection.java:182)
	at org.gradle.internal.remote.internal.hub.MessageHubBackedObjectConnection$DispatchWrapper.dispatch(MessageHubBackedObjectConnection.java:164)
	at org.gradle.internal.remote.internal.hub.MessageHub$Handler.run(MessageHub.java:412)
	at org.gradle.internal.concurrent.ExecutorPolicy$CatchAndRecordFailures.onExecute(ExecutorPolicy.java:64)
	at org.gradle.internal.concurrent.ManagedExecutorImpl$1.run(ManagedExecutorImpl.java:48)
	at java.util.concurrent.ThreadPoolExecutor.runWorker(ThreadPoolExecutor.java:1149)
	at java.util.concurrent.ThreadPoolExecutor$Worker.run(ThreadPoolExecutor.java:624)
	at org.gradle.internal.concurrent.ThreadFactoryImpl$ManagedThreadRunnable.run(ThreadFactoryImpl.java:56)
	at java.lang.Thread.run(Thread.java:748)
Caused by: org.rnorth.ducttape.RetryCountExceededException: Retry limit hit with exception
	at org.rnorth.ducttape.unreliables.Unreliables.retryUntilSuccess(Unreliables.java:88)
	at org.testcontainers.containers.GenericContainer.doStart(GenericContainer.java:300)
	... 85 more
Caused by: org.testcontainers.containers.ContainerLaunchException: Could not create/start container
	at org.testcontainers.containers.GenericContainer.tryStart(GenericContainer.java:418)
	at org.testcontainers.containers.GenericContainer.lambda$doStart$0(GenericContainer.java:302)
	at org.rnorth.ducttape.unreliables.Unreliables.retryUntilSuccess(Unreliables.java:81)
	... 86 more
Caused by: org.testcontainers.containers.ContainerLaunchException: Timed out waiting for container port to open (localhost ports: [32778, 32779, 32780] should be listening)
	at org.testcontainers.containers.wait.strategy.HostPortWaitStrategy.waitUntilReady(HostPortWaitStrategy.java:49)
	at org.testcontainers.containers.wait.strategy.AbstractWaitStrategy.waitUntilReady(AbstractWaitStrategy.java:35)
	at org.testcontainers.containers.wait.HostPortWaitStrategy.waitUntilReady(HostPortWaitStrategy.java:23)
	at org.testcontainers.containers.wait.strategy.AbstractWaitStrategy.waitUntilReady(AbstractWaitStrategy.java:35)
	at org.testcontainers.containers.GenericContainer.waitUntilContainerStarted(GenericContainer.java:767)
	at org.testcontainers.containers.GenericContainer.tryStart(GenericContainer.java:400)
	... 88 more
</failure>
  </testcase>
  <system-out><![CDATA[23:03:15.021 [Test worker] INFO  o.w.corda.network.CordaNetworkMap - Starting network map...
23:03:15.178 [Test worker] INFO  o.t.d.DockerClientProviderStrategy - Loaded org.testcontainers.dockerclient.EnvironmentAndSystemPropertyClientProviderStrategy from ~/.testcontainers.properties, will try it first
23:03:15.961 [Test worker] INFO  o.t.d.EnvironmentAndSystemPropertyClientProviderStrategy - Found docker client settings from environment
23:03:15.962 [Test worker] INFO  o.t.d.DockerClientProviderStrategy - Found Docker environment with Environment variables, system properties and defaults. Resolved dockerHost=unix:///var/run/docker.sock
23:03:16.393 [Test worker] INFO  o.testcontainers.DockerClientFactory - Docker host IP address is localhost
23:03:16.420 [Test worker] INFO  o.testcontainers.DockerClientFactory - Connected to docker: 
  Server Version: 18.09.7
  API Version: 1.39
  Operating System: Ubuntu 18.04.3 LTS
  Total Memory: 11721 MB
23:03:16.445 [Test worker] WARN  o.t.utility.RegistryAuthLocator - Failure when attempting to lookup auth config (dockerImageName: quay.io/testcontainers/ryuk:0.2.3, configFile: /root/.docker/config.json. Falling back to docker-java default behaviour. Exception message: /root/.docker/config.json (No such file or directory)
23:03:17.628 [Test worker] INFO  o.testcontainers.DockerClientFactory - Ryuk started - will monitor and terminate Testcontainers containers on JVM exit
        ℹ︎ Checking the system...
        ✔ Docker version should be at least 1.6.0
        ✔ Docker environment should have more than 2GB free disk space
23:03:18.186 [Test worker] INFO  ?? [cordite/network-map:v0.5.0] - Creating container for image: cordite/network-map:v0.5.0
23:03:18.188 [Test worker] WARN  o.t.utility.RegistryAuthLocator - Failure when attempting to lookup auth config (dockerImageName: cordite/network-map:v0.5.0, configFile: /root/.docker/config.json. Falling back to docker-java default behaviour. Exception message: /root/.docker/config.json (No such file or directory)
23:03:18.437 [Test worker] INFO  ?? [cordite/network-map:v0.5.0] - Starting container with ID: c0de407ea5155ec32fdb502cca9be39d866523c0685c248bfd0b32f0a91a8c12
23:03:19.513 [Test worker] INFO  ?? [cordite/network-map:v0.5.0] - Container cordite/network-map:v0.5.0 is starting: c0de407ea5155ec32fdb502cca9be39d866523c0685c248bfd0b32f0a91a8c12
23:03:19.560 [Test worker] INFO  o.t.c.wait.strategy.HttpWaitStrategy - /network-map-1575954195019: Waiting for 60 seconds for URL: http://localhost:32777
23:03:20.280 [tc-okhttp-stream-698141716] INFO  o.w.corda.network.CordaNetworkMap - starting networkmap with the following options
23:03:20.296 [tc-okhttp-stream-698141716] INFO  o.w.corda.network.CordaNetworkMap - auth-password               - ****
23:03:20.297 [tc-okhttp-stream-698141716] INFO  o.w.corda.network.CordaNetworkMap - auth-username               - sa
23:03:20.297 [tc-okhttp-stream-698141716] INFO  o.w.corda.network.CordaNetworkMap - cache-timeout               - 2S
23:03:20.297 [tc-okhttp-stream-698141716] INFO  o.w.corda.network.CordaNetworkMap - certman                     - true
23:03:20.297 [tc-okhttp-stream-698141716] INFO  o.w.corda.network.CordaNetworkMap - certman-pkix                - false
23:03:20.298 [tc-okhttp-stream-698141716] INFO  o.w.corda.network.CordaNetworkMap - certman-strict-ev           - false
23:03:20.299 [tc-okhttp-stream-698141716] INFO  o.w.corda.network.CordaNetworkMap - certman-truststore          -
23:03:20.299 [tc-okhttp-stream-698141716] INFO  o.w.corda.network.CordaNetworkMap - certman-truststore-password -
23:03:20.299 [tc-okhttp-stream-698141716] INFO  o.w.corda.network.CordaNetworkMap - db                          - db
23:03:20.299 [tc-okhttp-stream-698141716] INFO  o.w.corda.network.CordaNetworkMap - doorman                     - true
23:03:20.299 [tc-okhttp-stream-698141716] INFO  o.w.corda.network.CordaNetworkMap - hostname                    - 0.0.0.0
23:03:20.300 [tc-okhttp-stream-698141716] INFO  o.w.corda.network.CordaNetworkMap - mongo-connection-string     - mongodb://localhost:27017
23:03:20.300 [tc-okhttp-stream-698141716] INFO  o.w.corda.network.CordaNetworkMap - mongod-database             - nms
23:03:20.300 [tc-okhttp-stream-698141716] INFO  o.w.corda.network.CordaNetworkMap - mongod-location             -
23:03:20.300 [tc-okhttp-stream-698141716] INFO  o.w.corda.network.CordaNetworkMap - network-map-delay           - 1S
23:03:20.301 [tc-okhttp-stream-698141716] INFO  o.w.corda.network.CordaNetworkMap - nmp-path                    -
23:03:20.301 [tc-okhttp-stream-698141716] INFO  o.w.corda.network.CordaNetworkMap - param-update-delay          - 10S
23:03:20.302 [tc-okhttp-stream-698141716] INFO  o.w.corda.network.CordaNetworkMap - port                        - 8080
23:03:20.302 [tc-okhttp-stream-698141716] INFO  o.w.corda.network.CordaNetworkMap - root-ca-name                - CN="<replace me>", OU=Cordite Foundation Network, O=Cordite Foundation, L=London, ST=London, C=GB
23:03:20.302 [tc-okhttp-stream-698141716] INFO  o.w.corda.network.CordaNetworkMap - storage-type                - file
23:03:20.302 [tc-okhttp-stream-698141716] INFO  o.w.corda.network.CordaNetworkMap - tls                         - false
23:03:20.303 [tc-okhttp-stream-698141716] INFO  o.w.corda.network.CordaNetworkMap - tls-cert-path               -
23:03:20.303 [tc-okhttp-stream-698141716] INFO  o.w.corda.network.CordaNetworkMap - tls-key-path                -
23:03:20.304 [tc-okhttp-stream-698141716] INFO  o.w.corda.network.CordaNetworkMap - web-root                    - /
23:03:22.102 [tc-okhttp-stream-698141716] INFO  o.w.corda.network.CordaNetworkMap - 2019-12-10 05:03:22,097 INFO  i.c.n.s.SerializationEnvironment - setting node serialisation env
23:03:22.672 [tc-okhttp-stream-698141716] INFO  o.w.corda.network.CordaNetworkMap - 2019-12-10 05:03:22,671 INFO  i.c.n.service.CertificateManager - checking for root certificate
23:03:22.677 [tc-okhttp-stream-698141716] INFO  o.w.corda.network.CordaNetworkMap - 2019-12-10 05:03:22,676 WARN  i.c.n.service.CertificateManager - didn't find our root certificate
23:03:22.743 [tc-okhttp-stream-698141716] INFO  o.w.corda.network.CordaNetworkMap - 2019-12-10 05:03:22,742 INFO  i.c.n.service.CertificateManager - clearing network-map cert
23:03:22.747 [tc-okhttp-stream-698141716] INFO  o.w.corda.network.CordaNetworkMap - 2019-12-10 05:03:22,746 INFO  i.c.n.service.CertificateManager - clearing doorman cert
23:03:22.752 [tc-okhttp-stream-698141716] INFO  o.w.corda.network.CordaNetworkMap - 2019-12-10 05:03:22,750 WARN  i.c.n.service.CertificateManager - didn't find networkmap certificate
23:03:22.777 [tc-okhttp-stream-698141716] INFO  o.w.corda.network.CordaNetworkMap - 2019-12-10 05:03:22,776 INFO  i.c.n.service.CertificateManager - checking for doorman certificate
23:03:22.780 [tc-okhttp-stream-698141716] INFO  o.w.corda.network.CordaNetworkMap - 2019-12-10 05:03:22,779 WARN  i.c.n.service.CertificateManager - failed to find doorman certificate for this NMS. generating a new cert
23:03:23.741 [tc-okhttp-stream-698141716] INFO  o.w.corda.network.CordaNetworkMap - 2019-12-10 05:03:23,740 INFO  i.c.n.s.NetworkMapServiceProcessor - creating network parameters ...
23:03:23.742 [tc-okhttp-stream-698141716] INFO  o.w.corda.network.CordaNetworkMap - 2019-12-10 05:03:23,741 INFO  i.c.n.s.NetworkMapServiceProcessor - retrieving current network parameter ...
23:03:23.847 [tc-okhttp-stream-698141716] INFO  o.w.corda.network.CordaNetworkMap - 2019-12-10 05:03:23,846 ERROR i.c.n.service.ServiceStorages - failed to get current signed network parameters
23:03:23.847 [tc-okhttp-stream-698141716] INFO  o.w.corda.network.CordaNetworkMap - io.vertx.core.impl.NoStackTraceThrowable: could not find key current-parameters
23:03:23.849 [tc-okhttp-stream-698141716] INFO  o.w.corda.network.CordaNetworkMap - 2019-12-10 05:03:23,848 INFO  i.c.n.s.NetworkMapServiceProcessor - could not find network parameters - creating one from the template
23:03:24.382 [tc-okhttp-stream-698141716] INFO  o.w.corda.network.CordaNetworkMap - 2019-12-10 05:03:24,380 INFO  i.c.n.service.ServiceStorages - storing network parameters 9E0E9ED1CBF465F657EA6571D50CBFE36BBE7A44CA9936E9D8E3B727BB5F8120 with values NetworkParameters {
23:03:24.382 [tc-okhttp-stream-698141716] INFO  o.w.corda.network.CordaNetworkMap -       minimumPlatformVersion=4
23:03:24.383 [tc-okhttp-stream-698141716] INFO  o.w.corda.network.CordaNetworkMap -       notaries=[]
23:03:24.383 [tc-okhttp-stream-698141716] INFO  o.w.corda.network.CordaNetworkMap -       maxMessageSize=10485760
23:03:24.383 [tc-okhttp-stream-698141716] INFO  o.w.corda.network.CordaNetworkMap -       maxTransactionSize=2147483647
23:03:24.384 [tc-okhttp-stream-698141716] INFO  o.w.corda.network.CordaNetworkMap -       whitelistedContractImplementations {
23:03:24.384 [tc-okhttp-stream-698141716] INFO  o.w.corda.network.CordaNetworkMap - 
23:03:24.384 [tc-okhttp-stream-698141716] INFO  o.w.corda.network.CordaNetworkMap -       }
23:03:24.384 [tc-okhttp-stream-698141716] INFO  o.w.corda.network.CordaNetworkMap -       eventHorizon=PT720H
23:03:24.384 [tc-okhttp-stream-698141716] INFO  o.w.corda.network.CordaNetworkMap -       packageOwnership {
23:03:24.385 [tc-okhttp-stream-698141716] INFO  o.w.corda.network.CordaNetworkMap - 
23:03:24.385 [tc-okhttp-stream-698141716] INFO  o.w.corda.network.CordaNetworkMap -       }
23:03:24.385 [tc-okhttp-stream-698141716] INFO  o.w.corda.network.CordaNetworkMap -       modifiedTime=2019-12-10T05:03:22.809Z
23:03:24.385 [tc-okhttp-stream-698141716] INFO  o.w.corda.network.CordaNetworkMap -       epoch=1
23:03:24.385 [tc-okhttp-stream-698141716] INFO  o.w.corda.network.CordaNetworkMap -   }
23:03:24.684 [tc-okhttp-stream-698141716] INFO  o.w.corda.network.CordaNetworkMap - 2019-12-10 05:03:24,683 INFO  i.c.n.service.ServiceStorages - storing current network parameters 9E0E9ED1CBF465F657EA6571D50CBFE36BBE7A44CA9936E9D8E3B727BB5F8120
23:03:24.688 [tc-okhttp-stream-698141716] INFO  o.w.corda.network.CordaNetworkMap - 2019-12-10 05:03:24,687 INFO  i.c.n.s.NetworkMapServiceProcessor - network parameters saved 9E0E9ED1CBF465F657EA6571D50CBFE36BBE7A44CA9936E9D8E3B727BB5F8120
23:03:25.272 [tc-okhttp-stream-698141716] INFO  o.w.corda.network.CordaNetworkMap - Dec 10, 2019 5:03:25 AM io.vertx.ext.jwt.JWT
23:03:25.272 [tc-okhttp-stream-698141716] INFO  o.w.corda.network.CordaNetworkMap - INFO: RS256 not available
23:03:25.274 [tc-okhttp-stream-698141716] INFO  o.w.corda.network.CordaNetworkMap - Dec 10, 2019 5:03:25 AM io.vertx.ext.jwt.JWT
23:03:25.274 [tc-okhttp-stream-698141716] INFO  o.w.corda.network.CordaNetworkMap - INFO: RS384 not available
23:03:25.275 [tc-okhttp-stream-698141716] INFO  o.w.corda.network.CordaNetworkMap - Dec 10, 2019 5:03:25 AM io.vertx.ext.jwt.JWT
23:03:25.276 [tc-okhttp-stream-698141716] INFO  o.w.corda.network.CordaNetworkMap - INFO: RS512 not available
23:03:25.277 [tc-okhttp-stream-698141716] INFO  o.w.corda.network.CordaNetworkMap - Dec 10, 2019 5:03:25 AM io.vertx.ext.jwt.JWT
23:03:25.278 [tc-okhttp-stream-698141716] INFO  o.w.corda.network.CordaNetworkMap - INFO: ES256 not available
23:03:25.278 [tc-okhttp-stream-698141716] INFO  o.w.corda.network.CordaNetworkMap - Dec 10, 2019 5:03:25 AM io.vertx.ext.jwt.JWT
23:03:25.279 [tc-okhttp-stream-698141716] INFO  o.w.corda.network.CordaNetworkMap - INFO: ES384 not available
23:03:25.280 [tc-okhttp-stream-698141716] INFO  o.w.corda.network.CordaNetworkMap - Dec 10, 2019 5:03:25 AM io.vertx.ext.jwt.JWT
23:03:25.280 [tc-okhttp-stream-698141716] INFO  o.w.corda.network.CordaNetworkMap - INFO: ES512 not available
23:03:25.310 [tc-okhttp-stream-698141716] INFO  o.w.corda.network.CordaNetworkMap - Mounting braid services...
23:03:25.310 [tc-okhttp-stream-698141716] INFO  o.w.corda.network.CordaNetworkMap - 2019-12-10 05:03:25,309 INFO  i.b.braid.corda.CordaSockJSHandler - root API mount for braid: /braid/api/
23:03:25.311 [tc-okhttp-stream-698141716] INFO  o.w.corda.network.CordaNetworkMap - 2019-12-10 05:03:25,310 INFO  i.b.braid.corda.CordaSockJSHandler - mounting braid service network to http://localhost:8080/braid/api/network/braid/*
23:03:25.312 [tc-okhttp-stream-698141716] INFO  o.w.corda.network.CordaNetworkMap - 2019-12-10 05:03:25,311 INFO  i.b.braid.corda.CordaSockJSHandler - mounting braid service flows to http://localhost:8080/braid/api/flows/braid/*
23:03:25.312 [tc-okhttp-stream-698141716] INFO  o.w.corda.network.CordaNetworkMap - 2019-12-10 05:03:25,311 INFO  i.b.braid.corda.CordaSockJSHandler - mounting braid service admin to http://localhost:8080/braid/api/admin/braid/*
23:03:25.330 [tc-okhttp-stream-698141716] INFO  o.w.corda.network.CordaNetworkMap - 2019-12-10 05:03:25,329 INFO  i.b.braid.corda.rest.RestMounter - swagger json bound to http://localhost:8080/swagger/swagger.json
23:03:25.333 [tc-okhttp-stream-698141716] INFO  o.w.corda.network.CordaNetworkMap - 2019-12-10 05:03:25,332 INFO  i.b.braid.corda.rest.RestMounter - Swagger UI bound to http://localhost:8080/swagger
23:03:25.581 [tc-okhttp-stream-698141716] INFO  o.w.corda.network.CordaNetworkMap - 2019-12-10 05:03:25,580 INFO  i.b.braid.corda.rest.RestMounter - REST end point bound to http://localhost:8080/
23:03:25.809 [tc-okhttp-stream-698141716] INFO  o.w.corda.network.CordaNetworkMap - 2019-12-10 05:03:25,808 INFO  BasicInfo - Braid server started on                 : http://localhost:8080/braid/api/
23:03:25.837 [tc-okhttp-stream-698141716] INFO  o.w.corda.network.CordaNetworkMap - 2019-12-10 05:03:25,835 INFO  io.cordite.networkmap.NetworkMapApp - started
23:03:27.043 [tc-okhttp-stream-698141716] INFO  o.w.corda.network.CordaNetworkMap - Dec 10, 2019 5:03:27 AM io.vertx.ext.web.handler.impl.LoggerHandlerImpl
23:03:27.044 [tc-okhttp-stream-698141716] INFO  o.w.corda.network.CordaNetworkMap - INFO: 172.19.0.1 - GET / HTTP/1.1 200 2287 - 184 ms
23:03:27.049 [Test worker] INFO  ?? [cordite/network-map:v0.5.0] - Container cordite/network-map:v0.5.0 started in PT8.862S
23:03:27.049 [Test worker] INFO  org.web3j.corda.network.CordaNode - Started network map at http://network-map-1575954195019:8080
23:03:27.063 [Test worker] INFO  org.web3j.corda.network.CordaNode - Starting Corda node partya-london-gb...
23:03:43.289 [Test worker] INFO  org.web3j.corda.network.CordaNode - Node partya-london-gb generated node.conf file: 
devMode=true
myLegalName="O=PartyA, L=London, C=GB"
p2pAddress="partya-london-gb:32857"
rpcSettings {
    address="0.0.0.0:40085"
    adminAddress="0.0.0.0:45355"
}
security {
    authService {
        dataSource {
            type=INMEMORY
            users=[{
                user=user1
                password=test
                permissions=[ALL]
            }]
        }
    }
}
compatibilityZoneURL="http://network-map-1575954195019:8080"
devModeOptions.allowCompatibilityZone=true

23:03:43.808 [tc-okhttp-stream-698141716] INFO  o.w.corda.network.CordaNetworkMap - Dec 10, 2019 5:03:43 AM io.vertx.ext.web.handler.impl.LoggerHandlerImpl
23:03:43.808 [tc-okhttp-stream-698141716] INFO  o.w.corda.network.CordaNetworkMap - INFO: 172.19.0.1 - GET /network-map/truststore HTTP/1.1 200 2139 - 2 ms
23:03:43.829 [Test worker] INFO  org.web3j.corda.network.CordaNode - Network Trust Root file (2 KB) saved at /tmp/cordapps_7706666578755289763/partya-london-gb/certificates/network-root-truststore.jks
23:03:43.837 [Test worker] INFO  org.web3j.corda.network.CordaNode - Node partya-london-gb environment variables: {DOORMAN_URL=http://network-map-1575954195019:8080, MY_PUBLIC_ADDRESS=http://localhost:32857, NETWORKMAP_URL=http://network-map-1575954195019:8080, NETWORK_TRUST_PASSWORD=trustpass}
23:03:43.838 [Test worker] INFO  org.web3j.corda.network.CordaNode - Node partya-london-gb file system binds: [/tmp/cordapps_7706666578755289763/partya-london-gb/:/etc/corda:rw, /tmp/cordapps_7706666578755289763/partya-london-gb/certificates/:/opt/corda/certificates:rw, /tmp/cordapps_7706666578755289763/:/opt/corda/cordapps:rw]
23:03:43.839 [Test worker] INFO  ?? [corda/corda-zulu-4.1:latest] - Creating container for image: corda/corda-zulu-4.1:latest
23:03:43.839 [Test worker] WARN  o.t.utility.RegistryAuthLocator - Failure when attempting to lookup auth config (dockerImageName: corda/corda-zulu-4.1:latest, configFile: /root/.docker/config.json. Falling back to docker-java default behaviour. Exception message: /root/.docker/config.json (No such file or directory)
23:03:43.845 [Test worker] WARN  o.t.utility.RegistryAuthLocator - Failure when attempting to lookup auth config (dockerImageName: alpine:3.5, configFile: /root/.docker/config.json. Falling back to docker-java default behaviour. Exception message: /root/.docker/config.json (No such file or directory)
23:03:45.266 [Test worker] INFO  ?? [corda/corda-zulu-4.1:latest] - Starting container with ID: 4a668f244911b25cb3fbc61216b4353c3a6df3a5253e820bdb7ba6afec1b2712
23:03:47.808 [Test worker] INFO  ?? [corda/corda-zulu-4.1:latest] - Container corda/corda-zulu-4.1:latest is starting: 4a668f244911b25cb3fbc61216b4353c3a6df3a5253e820bdb7ba6afec1b2712
23:03:54.995 [tc-okhttp-stream-490509190] INFO  org.web3j.corda.network.CordaNode - ! ATTENTION: The --initial-registration flag has been deprecated and will be removed in a future version. Use the initial-registration command instead.
23:03:56.064 [tc-okhttp-stream-490509190] INFO  org.web3j.corda.network.CordaNode - 
23:03:56.064 [tc-okhttp-stream-490509190] INFO  org.web3j.corda.network.CordaNode -    ______               __
23:03:56.064 [tc-okhttp-stream-490509190] INFO  org.web3j.corda.network.CordaNode -   / ____/     _________/ /___ _
23:03:56.065 [tc-okhttp-stream-490509190] INFO  org.web3j.corda.network.CordaNode -  / /     __  / ___/ __  / __ `/         Computers are useless. They can only
23:03:56.069 [tc-okhttp-stream-490509190] INFO  org.web3j.corda.network.CordaNode - / /___  /_/ / /  / /_/ / /_/ /          give you answers.  -- Picasso
23:03:56.069 [tc-okhttp-stream-490509190] INFO  org.web3j.corda.network.CordaNode - \____/     /_/   \__,_/\__,_/
23:03:56.070 [tc-okhttp-stream-490509190] INFO  org.web3j.corda.network.CordaNode - 
23:03:56.070 [tc-okhttp-stream-490509190] INFO  org.web3j.corda.network.CordaNode - --- Corda Open Source 4.1 (c11f6c1) -------------------------------------------------------------
23:03:56.070 [tc-okhttp-stream-490509190] INFO  org.web3j.corda.network.CordaNode - 
23:03:56.070 [tc-okhttp-stream-490509190] INFO  org.web3j.corda.network.CordaNode - 
23:03:56.072 [tc-okhttp-stream-490509190] INFO  org.web3j.corda.network.CordaNode - Logs can be found in                    : /opt/corda/logs
23:03:57.306 [tc-okhttp-stream-490509190] INFO  org.web3j.corda.network.CordaNode - [ERROR] 05:03:57+0000 [main] internal.NodeStartupLogging.invoke - Exception during node startup: /opt/corda/cordapps [errorCode=n75ml7, moreInformationAt=https://errors.corda.net/OS/4.1/n75ml7]
23:03:57.615 [tc-okhttp-stream-490509190] INFO  org.web3j.corda.network.CordaNode - 
23:08:47.837 [Test worker] ERROR ?? [corda/corda-zulu-4.1:latest] - Could not start container
org.testcontainers.containers.ContainerLaunchException: Timed out waiting for container port to open (localhost ports: [32778, 32779, 32780] should be listening)
	at org.testcontainers.containers.wait.strategy.HostPortWaitStrategy.waitUntilReady(HostPortWaitStrategy.java:49)
	at org.testcontainers.containers.wait.strategy.AbstractWaitStrategy.waitUntilReady(AbstractWaitStrategy.java:35)
	at org.testcontainers.containers.wait.HostPortWaitStrategy.waitUntilReady(HostPortWaitStrategy.java:23)
	at org.testcontainers.containers.wait.strategy.AbstractWaitStrategy.waitUntilReady(AbstractWaitStrategy.java:35)
	at org.testcontainers.containers.GenericContainer.waitUntilContainerStarted(GenericContainer.java:767)
	at org.testcontainers.containers.GenericContainer.tryStart(GenericContainer.java:400)
	at org.testcontainers.containers.GenericContainer.lambda$doStart$0(GenericContainer.java:302)
	at org.rnorth.ducttape.unreliables.Unreliables.retryUntilSuccess(Unreliables.java:81)
	at org.testcontainers.containers.GenericContainer.doStart(GenericContainer.java:300)
	at org.testcontainers.containers.GenericContainer.start(GenericContainer.java:287)
	at org.web3j.corda.network.CordaNode.start(CordaNode.kt:152)
	at org.web3j.corda.network.CordaPartyNode.start(CordaPartyNode.kt:77)
	at org.web3j.corda.network.CordaNetwork$Companion.network(CordaNetwork.kt:207)
	at org.web3j.corda.network.CordaNetworkDslKt.network(CordaNetworkDsl.kt:22)
	at com.example.workflows.api.WorkflowsTest.<init>(WorkflowsTest.kt:19)
	at sun.reflect.NativeConstructorAccessorImpl.newInstance0(Native Method)
	at sun.reflect.NativeConstructorAccessorImpl.newInstance(NativeConstructorAccessorImpl.java:62)
	at sun.reflect.DelegatingConstructorAccessorImpl.newInstance(DelegatingConstructorAccessorImpl.java:45)
	at java.lang.reflect.Constructor.newInstance(Constructor.java:423)
	at org.junit.platform.commons.util.ReflectionUtils.newInstance(ReflectionUtils.java:500)
	at org.junit.jupiter.engine.execution.ExecutableInvoker.invoke(ExecutableInvoker.java:62)
	at org.junit.jupiter.engine.descriptor.ClassTestDescriptor.invokeTestClassConstructor(ClassTestDescriptor.java:345)
	at org.junit.jupiter.engine.descriptor.ClassTestDescriptor.instantiateTestClass(ClassTestDescriptor.java:290)
	at org.junit.jupiter.engine.descriptor.ClassTestDescriptor.instantiateTestClass(ClassTestDescriptor.java:281)
	at org.junit.jupiter.engine.descriptor.ClassTestDescriptor.instantiateAndPostProcessTestInstance(ClassTestDescriptor.java:269)
	at org.junit.jupiter.engine.descriptor.ClassTestDescriptor.lambda$testInstancesProvider$2(ClassTestDescriptor.java:259)
	at org.junit.jupiter.engine.descriptor.ClassTestDescriptor.lambda$testInstancesProvider$3(ClassTestDescriptor.java:263)
	at java.util.Optional.orElseGet(Optional.java:267)
	at org.junit.jupiter.engine.descriptor.ClassTestDescriptor.lambda$testInstancesProvider$4(ClassTestDescriptor.java:262)
	at org.junit.jupiter.engine.descriptor.TestMethodTestDescriptor.lambda$prepare$0(TestMethodTestDescriptor.java:98)
	at org.junit.platform.engine.support.hierarchical.ThrowableCollector.execute(ThrowableCollector.java:73)
	at org.junit.jupiter.engine.descriptor.TestMethodTestDescriptor.prepare(TestMethodTestDescriptor.java:97)
	at org.junit.jupiter.engine.descriptor.TestMethodTestDescriptor.prepare(TestMethodTestDescriptor.java:68)
	at org.junit.platform.engine.support.hierarchical.NodeTestTask.lambda$prepare$1(NodeTestTask.java:107)
	at org.junit.platform.engine.support.hierarchical.ThrowableCollector.execute(ThrowableCollector.java:73)
	at org.junit.platform.engine.support.hierarchical.NodeTestTask.prepare(NodeTestTask.java:107)
	at org.junit.platform.engine.support.hierarchical.NodeTestTask.execute(NodeTestTask.java:75)
	at java.util.ArrayList.forEach(ArrayList.java:1257)
	at org.junit.platform.engine.support.hierarchical.SameThreadHierarchicalTestExecutorService.invokeAll(SameThreadHierarchicalTestExecutorService.java:38)
	at org.junit.platform.engine.support.hierarchical.NodeTestTask.lambda$executeRecursively$5(NodeTestTask.java:139)
	at org.junit.platform.engine.support.hierarchical.ThrowableCollector.execute(ThrowableCollector.java:73)
	at org.junit.platform.engine.support.hierarchical.NodeTestTask.lambda$executeRecursively$7(NodeTestTask.java:125)
	at org.junit.platform.engine.support.hierarchical.Node.around(Node.java:135)
	at org.junit.platform.engine.support.hierarchical.NodeTestTask.lambda$executeRecursively$8(NodeTestTask.java:123)
	at org.junit.platform.engine.support.hierarchical.ThrowableCollector.execute(ThrowableCollector.java:73)
	at org.junit.platform.engine.support.hierarchical.NodeTestTask.executeRecursively(NodeTestTask.java:122)
	at org.junit.platform.engine.support.hierarchical.NodeTestTask.execute(NodeTestTask.java:80)
	at java.util.ArrayList.forEach(ArrayList.java:1257)
	at org.junit.platform.engine.support.hierarchical.SameThreadHierarchicalTestExecutorService.invokeAll(SameThreadHierarchicalTestExecutorService.java:38)
	at org.junit.platform.engine.support.hierarchical.NodeTestTask.lambda$executeRecursively$5(NodeTestTask.java:139)
	at org.junit.platform.engine.support.hierarchical.ThrowableCollector.execute(ThrowableCollector.java:73)
	at org.junit.platform.engine.support.hierarchical.NodeTestTask.lambda$executeRecursively$7(NodeTestTask.java:125)
	at org.junit.platform.engine.support.hierarchical.Node.around(Node.java:135)
	at org.junit.platform.engine.support.hierarchical.NodeTestTask.lambda$executeRecursively$8(NodeTestTask.java:123)
	at org.junit.platform.engine.support.hierarchical.ThrowableCollector.execute(ThrowableCollector.java:73)
	at org.junit.platform.engine.support.hierarchical.NodeTestTask.executeRecursively(NodeTestTask.java:122)
	at org.junit.platform.engine.support.hierarchical.NodeTestTask.execute(NodeTestTask.java:80)
	at org.junit.platform.engine.support.hierarchical.SameThreadHierarchicalTestExecutorService.submit(SameThreadHierarchicalTestExecutorService.java:32)
	at org.junit.platform.engine.support.hierarchical.HierarchicalTestExecutor.execute(HierarchicalTestExecutor.java:57)
	at org.junit.platform.engine.support.hierarchical.HierarchicalTestEngine.execute(HierarchicalTestEngine.java:51)
	at org.junit.platform.launcher.core.DefaultLauncher.execute(DefaultLauncher.java:220)
	at org.junit.platform.launcher.core.DefaultLauncher.lambda$execute$6(DefaultLauncher.java:188)
	at org.junit.platform.launcher.core.DefaultLauncher.withInterceptedStreams(DefaultLauncher.java:202)
	at org.junit.platform.launcher.core.DefaultLauncher.execute(DefaultLauncher.java:181)
	at org.junit.platform.launcher.core.DefaultLauncher.execute(DefaultLauncher.java:128)
	at org.gradle.api.internal.tasks.testing.junitplatform.JUnitPlatformTestClassProcessor$CollectAllTestClassesExecutor.processAllTestClasses(JUnitPlatformTestClassProcessor.java:102)
	at org.gradle.api.internal.tasks.testing.junitplatform.JUnitPlatformTestClassProcessor$CollectAllTestClassesExecutor.access$000(JUnitPlatformTestClassProcessor.java:82)
	at org.gradle.api.internal.tasks.testing.junitplatform.JUnitPlatformTestClassProcessor.stop(JUnitPlatformTestClassProcessor.java:78)
	at org.gradle.api.internal.tasks.testing.SuiteTestClassProcessor.stop(SuiteTestClassProcessor.java:61)
	at sun.reflect.NativeMethodAccessorImpl.invoke0(Native Method)
	at sun.reflect.NativeMethodAccessorImpl.invoke(NativeMethodAccessorImpl.java:62)
	at sun.reflect.DelegatingMethodAccessorImpl.invoke(DelegatingMethodAccessorImpl.java:43)
	at java.lang.reflect.Method.invoke(Method.java:498)
	at org.gradle.internal.dispatch.ReflectionDispatch.dispatch(ReflectionDispatch.java:36)
	at org.gradle.internal.dispatch.ReflectionDispatch.dispatch(ReflectionDispatch.java:24)
	at org.gradle.internal.dispatch.ContextClassLoaderDispatch.dispatch(ContextClassLoaderDispatch.java:33)
	at org.gradle.internal.dispatch.ProxyDispatchAdapter$DispatchingInvocationHandler.invoke(ProxyDispatchAdapter.java:94)
	at com.sun.proxy.$Proxy2.stop(Unknown Source)
	at org.gradle.api.internal.tasks.testing.worker.TestWorker.stop(TestWorker.java:132)
	at sun.reflect.NativeMethodAccessorImpl.invoke0(Native Method)
	at sun.reflect.NativeMethodAccessorImpl.invoke(NativeMethodAccessorImpl.java:62)
	at sun.reflect.DelegatingMethodAccessorImpl.invoke(DelegatingMethodAccessorImpl.java:43)
	at java.lang.reflect.Method.invoke(Method.java:498)
	at org.gradle.internal.dispatch.ReflectionDispatch.dispatch(ReflectionDispatch.java:36)
	at org.gradle.internal.dispatch.ReflectionDispatch.dispatch(ReflectionDispatch.java:24)
	at org.gradle.internal.remote.internal.hub.MessageHubBackedObjectConnection$DispatchWrapper.dispatch(MessageHubBackedObjectConnection.java:182)
	at org.gradle.internal.remote.internal.hub.MessageHubBackedObjectConnection$DispatchWrapper.dispatch(MessageHubBackedObjectConnection.java:164)
	at org.gradle.internal.remote.internal.hub.MessageHub$Handler.run(MessageHub.java:412)
	at org.gradle.internal.concurrent.ExecutorPolicy$CatchAndRecordFailures.onExecute(ExecutorPolicy.java:64)
	at org.gradle.internal.concurrent.ManagedExecutorImpl$1.run(ManagedExecutorImpl.java:48)
	at java.util.concurrent.ThreadPoolExecutor.runWorker(ThreadPoolExecutor.java:1149)
	at java.util.concurrent.ThreadPoolExecutor$Worker.run(ThreadPoolExecutor.java:624)
	at org.gradle.internal.concurrent.ThreadFactoryImpl$ManagedThreadRunnable.run(ThreadFactoryImpl.java:56)
	at java.lang.Thread.run(Thread.java:748)
23:08:47.900 [Test worker] ERROR ?? [corda/corda-zulu-4.1:latest] - Log output from the failed container:
! ATTENTION: The --initial-registration flag has been deprecated and will be removed in a future version. Use the initial-registration command instead.



   ______               __

  / ____/     _________/ /___ _

 / /     __  / ___/ __  / __ `/         Computers are useless. They can only

/ /___  /_/ / /  / /_/ / /_/ /          give you answers.  -- Picasso

\____/     /_/   \__,_/\__,_/



--- Corda Open Source 4.1 (c11f6c1) -------------------------------------------------------------





Logs can be found in                    : /opt/corda/logs

[ERROR] 05:03:57+0000 [main] internal.NodeStartupLogging.invoke - Exception during node startup: /opt/corda/cordapps [errorCode=n75ml7, moreInformationAt=https://errors.corda.net/OS/4.1/n75ml7]

]]></system-out>
  <system-err><![CDATA[]]></system-err>
</testsuite>
