<?xml version="1.0" encoding="UTF-8"?>
<testsuite name="com.example.FlowTests" tests="1" skipped="0" failures="0" errors="0" timestamp="2019-12-05T04:41:20" hostname="adel-VirtualBox" time="0.08">
  <properties/>
  <testcase name="dummy test" classname="com.example.FlowTests" time="0.08"/>
  <system-out><![CDATA[?[37m[INFO] 22:40:45,213 [Test worker] internal.TestCordappImpl.apply - Generating CorDapp jar from local project in /home/adel/corda/articles/web3j-iou/workflows ...
?[m?[37m[INFO] 22:40:45,608 [Connection worker] internal.TestCordappImpl.statusChanged - Build
?[m?[37m[INFO] 22:40:48,209 [Connection worker] internal.TestCordappImpl.statusChanged - Starting Gradle Daemon
?[m?[37m[INFO] 22:40:50,163 [Connection worker] internal.TestCordappImpl.statusChanged - Connecting to Gradle Daemon
?[m?[37m[INFO] 22:40:50,217 [Connection worker] internal.TestCordappImpl.statusChanged - Starting Gradle Daemon
?[m?[37m[INFO] 22:40:50,221 [Connection worker] internal.TestCordappImpl.statusChanged - Build
?[m?[37m[INFO] 22:40:51,295 [Connection worker] internal.TestCordappImpl.statusChanged - Run build
?[m?[37m[INFO] 22:40:51,347 [Connection worker] internal.TestCordappImpl.statusChanged - Evaluate settings
?[m?[37m[INFO] 22:40:52,319 [Connection worker] internal.TestCordappImpl.statusChanged - Run build
?[m?[37m[INFO] 22:40:52,343 [Connection worker] internal.TestCordappImpl.statusChanged - Configure build
?[m?[37m[INFO] 22:40:52,343 [Connection worker] internal.TestCordappImpl.statusChanged - Load projects
?[m?[37m[INFO] 22:40:52,634 [Connection worker] internal.TestCordappImpl.statusChanged - Configure build
?[m?[37m[INFO] 22:40:52,655 [Connection worker] internal.TestCordappImpl.statusChanged - Configure project :
?[m?[37m[INFO] 22:40:53,715 [Connection worker] internal.TestCordappImpl.statusChanged - Resolve dependencies of :classpath
?[m?[37m[INFO] 22:40:54,142 [Connection worker] internal.TestCordappImpl.statusChanged - Configure project :
?[m?[37m[INFO] 22:40:54,163 [Connection worker] internal.TestCordappImpl.statusChanged - Resolve files of :classpath
?[m?[37m[INFO] 22:40:54,250 [Connection worker] internal.TestCordappImpl.statusChanged - Configure project :
?[m?[37m[INFO] 22:40:54,251 [Connection worker] internal.TestCordappImpl.statusChanged - Resolve files of :classpath
?[m?[37m[INFO] 22:40:54,251 [Connection worker] internal.TestCordappImpl.statusChanged - Configure project :
?[m?[37m[INFO] 22:40:57,015 [Connection worker] internal.TestCordappImpl.statusChanged - Configure build
?[m?[37m[INFO] 22:40:57,015 [Connection worker] internal.TestCordappImpl.statusChanged - Configure project :clients
?[m?[37m[INFO] 22:40:57,055 [Connection worker] internal.TestCordappImpl.statusChanged - Configure build
?[m?[37m[INFO] 22:40:57,055 [Connection worker] internal.TestCordappImpl.statusChanged - Configure project :contracts
?[m?[37m[INFO] 22:40:57,098 [Connection worker] internal.TestCordappImpl.statusChanged - Configure build
?[m?[37m[INFO] 22:40:57,098 [Connection worker] internal.TestCordappImpl.statusChanged - Configure project :workflows
?[m?[37m[INFO] 22:40:57,152 [Connection worker] internal.TestCordappImpl.statusChanged - Configure build
?[m?[37m[INFO] 22:40:57,163 [Connection worker] internal.TestCordappImpl.statusChanged - Run build
?[m?[37m[INFO] 22:40:57,391 [Connection worker] internal.TestCordappImpl.statusChanged - Resolve dependencies of :workflows:kotlinCompilerClasspath
?[m?[37m[INFO] 22:40:57,412 [Connection worker] internal.TestCordappImpl.statusChanged - Run build
?[m?[37m[INFO] 22:40:57,412 [Connection worker] internal.TestCordappImpl.statusChanged - Resolve files of :workflows:kotlinCompilerClasspath
?[m?[37m[INFO] 22:40:57,427 [Connection worker] internal.TestCordappImpl.statusChanged - Run build
?[m?[37m[INFO] 22:40:57,447 [Connection worker] internal.TestCordappImpl.statusChanged - Resolve dependencies of :contracts:kotlinCompilerClasspath
?[m?[37m[INFO] 22:40:57,453 [Connection worker] internal.TestCordappImpl.statusChanged - Run build
?[m?[37m[INFO] 22:40:57,453 [Connection worker] internal.TestCordappImpl.statusChanged - Resolve files of :contracts:kotlinCompilerClasspath
?[m?[37m[INFO] 22:40:57,453 [Connection worker] internal.TestCordappImpl.statusChanged - Run build
?[m?[37m[INFO] 22:40:57,474 [Connection worker] internal.TestCordappImpl.statusChanged - Run tasks
?[m?[37m[INFO] 22:40:57,536 [Connection worker] internal.TestCordappImpl.statusChanged - Task :contracts:compileKotlin
?[m?[37m[INFO] 22:40:57,547 [Connection worker] internal.TestCordappImpl.statusChanged - Resolve files of :contracts:kotlinCompilerClasspath
?[m?[37m[INFO] 22:40:57,547 [Connection worker] internal.TestCordappImpl.statusChanged - Task :contracts:compileKotlin
?[m?[37m[INFO] 22:40:57,704 [Connection worker] internal.TestCordappImpl.statusChanged - Resolve dependencies of :contracts:kotlinCompilerPluginClasspath
?[m?[37m[INFO] 22:40:57,736 [Connection worker] internal.TestCordappImpl.statusChanged - Task :contracts:compileKotlin
?[m?[37m[INFO] 22:40:57,736 [Connection worker] internal.TestCordappImpl.statusChanged - Resolve files of :contracts:kotlinCompilerPluginClasspath
?[m?[37m[INFO] 22:40:57,736 [Connection worker] internal.TestCordappImpl.statusChanged - Task :contracts:compileKotlin
?[m?[37m[INFO] 22:40:57,746 [Connection worker] internal.TestCordappImpl.statusChanged - Resolve dependencies of :contracts:compileClasspath
?[m?[37m[INFO] 22:40:57,840 [Connection worker] internal.TestCordappImpl.statusChanged - Task :contracts:compileKotlin
?[m?[37m[INFO] 22:40:57,841 [Connection worker] internal.TestCordappImpl.statusChanged - Resolve files of :contracts:compileClasspath
?[m?[37m[INFO] 22:40:57,873 [Connection worker] internal.TestCordappImpl.statusChanged - Task :contracts:compileKotlin
?[m?[37m[INFO] 22:40:58,643 [Connection worker] internal.TestCordappImpl.statusChanged - Resolve files of :contracts:compileClasspath
?[m?[37m[INFO] 22:40:58,643 [Connection worker] internal.TestCordappImpl.statusChanged - Task :contracts:compileKotlin
?[m?[37m[INFO] 22:40:58,665 [Connection worker] internal.TestCordappImpl.statusChanged - Resolve files of :contracts:kotlinCompilerPluginClasspath
?[m?[37m[INFO] 22:40:58,665 [Connection worker] internal.TestCordappImpl.statusChanged - Task :contracts:compileKotlin
?[m?[37m[INFO] 22:40:58,727 [Connection worker] internal.TestCordappImpl.statusChanged - Run tasks
?[m?[37m[INFO] 22:40:58,737 [Connection worker] internal.TestCordappImpl.statusChanged - Task :contracts:compileJava
?[m?[37m[INFO] 22:40:58,748 [Connection worker] internal.TestCordappImpl.statusChanged - Run tasks
?[m?[37m[INFO] 22:40:58,748 [Connection worker] internal.TestCordappImpl.statusChanged - Task :contracts:processResources
?[m?[37m[INFO] 22:40:58,749 [Connection worker] internal.TestCordappImpl.statusChanged - Run tasks
?[m?[37m[INFO] 22:40:58,749 [Connection worker] internal.TestCordappImpl.statusChanged - Task :contracts:classes
?[m?[37m[INFO] 22:40:58,749 [Connection worker] internal.TestCordappImpl.statusChanged - Run tasks
?[m?[37m[INFO] 22:40:58,750 [Connection worker] internal.TestCordappImpl.statusChanged - Task :contracts:configureCordappFatJar
?[m?[37m[INFO] 22:40:58,769 [Connection worker] internal.TestCordappImpl.statusChanged - Resolve dependencies of :contracts:runtime
?[m?[37m[INFO] 22:40:58,848 [Connection worker] internal.TestCordappImpl.statusChanged - Task :contracts:configureCordappFatJar
?[m?[37m[INFO] 22:40:58,849 [Connection worker] internal.TestCordappImpl.statusChanged - Resolve files of :contracts:runtime
?[m?[37m[INFO] 22:40:58,869 [Connection worker] internal.TestCordappImpl.statusChanged - Task :contracts:configureCordappFatJar
?[m?[37m[INFO] 22:40:58,879 [Connection worker] internal.TestCordappImpl.statusChanged - Run tasks
?[m?[37m[INFO] 22:40:58,880 [Connection worker] internal.TestCordappImpl.statusChanged - Task :contracts:inspectClassesForKotlinIC
?[m?[37m[INFO] 22:40:58,890 [Connection worker] internal.TestCordappImpl.statusChanged - Run tasks
?[m?[37m[INFO] 22:40:58,890 [Connection worker] internal.TestCordappImpl.statusChanged - Task :contracts:jar
?[m?[37m[INFO] 22:40:58,923 [Connection worker] internal.TestCordappImpl.statusChanged - Run tasks
?[m?[37m[INFO] 22:40:58,924 [Connection worker] internal.TestCordappImpl.statusChanged - Task :workflows:compileKotlin
?[m?[37m[INFO] 22:40:58,924 [Connection worker] internal.TestCordappImpl.statusChanged - Resolve files of :workflows:kotlinCompilerClasspath
?[m?[37m[INFO] 22:40:58,925 [Connection worker] internal.TestCordappImpl.statusChanged - Task :workflows:compileKotlin
?[m?[37m[INFO] 22:40:58,932 [Connection worker] internal.TestCordappImpl.statusChanged - Resolve dependencies of :workflows:kotlinCompilerPluginClasspath
?[m?[37m[INFO] 22:40:58,953 [Connection worker] internal.TestCordappImpl.statusChanged - Task :workflows:compileKotlin
?[m?[37m[INFO] 22:40:58,954 [Connection worker] internal.TestCordappImpl.statusChanged - Resolve files of :workflows:kotlinCompilerPluginClasspath
?[m?[37m[INFO] 22:40:58,954 [Connection worker] internal.TestCordappImpl.statusChanged - Task :workflows:compileKotlin
?[m?[37m[INFO] 22:40:58,955 [Connection worker] internal.TestCordappImpl.statusChanged - Resolve dependencies of :workflows:compileClasspath
?[m?[37m[INFO] 22:40:59,008 [Connection worker] internal.TestCordappImpl.statusChanged - Task :workflows:compileKotlin
?[m?[37m[INFO] 22:40:59,008 [Connection worker] internal.TestCordappImpl.statusChanged - Resolve files of :workflows:compileClasspath
?[m?[37m[INFO] 22:40:59,009 [Connection worker] internal.TestCordappImpl.statusChanged - Task :workflows:compileKotlin
?[m?[37m[INFO] 22:40:59,009 [Connection worker] internal.TestCordappImpl.statusChanged - Resolve files of :workflows:compileClasspath
?[m?[37m[INFO] 22:40:59,009 [Connection worker] internal.TestCordappImpl.statusChanged - Task :workflows:compileKotlin
?[m?[37m[INFO] 22:40:59,018 [Connection worker] internal.TestCordappImpl.statusChanged - Resolve files of :workflows:kotlinCompilerPluginClasspath
?[m?[37m[INFO] 22:40:59,019 [Connection worker] internal.TestCordappImpl.statusChanged - Task :workflows:compileKotlin
?[m?[37m[INFO] 22:40:59,019 [Connection worker] internal.TestCordappImpl.statusChanged - Run tasks
?[m?[37m[INFO] 22:40:59,019 [Connection worker] internal.TestCordappImpl.statusChanged - Task :workflows:compileJava
?[m?[37m[INFO] 22:40:59,029 [Connection worker] internal.TestCordappImpl.statusChanged - Run tasks
?[m?[37m[INFO] 22:40:59,029 [Connection worker] internal.TestCordappImpl.statusChanged - Task :workflows:processResources
?[m?[37m[INFO] 22:40:59,040 [Connection worker] internal.TestCordappImpl.statusChanged - Run tasks
?[m?[37m[INFO] 22:40:59,040 [Connection worker] internal.TestCordappImpl.statusChanged - Task :workflows:classes
?[m?[37m[INFO] 22:40:59,041 [Connection worker] internal.TestCordappImpl.statusChanged - Run tasks
?[m?[37m[INFO] 22:40:59,041 [Connection worker] internal.TestCordappImpl.statusChanged - Task :workflows:configureCordappFatJar
?[m?[37m[INFO] 22:40:59,050 [Connection worker] internal.TestCordappImpl.statusChanged - Resolve dependencies of :workflows:runtime
?[m?[37m[INFO] 22:40:59,114 [Connection worker] internal.TestCordappImpl.statusChanged - Task :workflows:configureCordappFatJar
?[m?[37m[INFO] 22:40:59,115 [Connection worker] internal.TestCordappImpl.statusChanged - Resolve files of :workflows:runtime
?[m?[37m[INFO] 22:40:59,125 [Connection worker] internal.TestCordappImpl.statusChanged - Task :workflows:configureCordappFatJar
?[m?[37m[INFO] 22:40:59,129 [Connection worker] internal.TestCordappImpl.statusChanged - Resolve files of :workflows:runtime
?[m?[37m[INFO] 22:40:59,129 [Connection worker] internal.TestCordappImpl.statusChanged - Task :workflows:configureCordappFatJar
?[m?[37m[INFO] 22:40:59,130 [Connection worker] internal.TestCordappImpl.statusChanged - Resolve files of :workflows:runtime
?[m?[37m[INFO] 22:40:59,130 [Connection worker] internal.TestCordappImpl.statusChanged - Task :workflows:configureCordappFatJar
?[m?[37m[INFO] 22:40:59,131 [Connection worker] internal.TestCordappImpl.statusChanged - Resolve files of :workflows:runtime
?[m?[37m[INFO] 22:40:59,131 [Connection worker] internal.TestCordappImpl.statusChanged - Task :workflows:configureCordappFatJar
?[m?[37m[INFO] 22:40:59,135 [Connection worker] internal.TestCordappImpl.statusChanged - Run tasks
?[m?[37m[INFO] 22:40:59,137 [Connection worker] internal.TestCordappImpl.statusChanged - Task :workflows:inspectClassesForKotlinIC
?[m?[37m[INFO] 22:40:59,147 [Connection worker] internal.TestCordappImpl.statusChanged - Run tasks
?[m?[37m[INFO] 22:40:59,147 [Connection worker] internal.TestCordappImpl.statusChanged - Task :workflows:jar
?[m?[37m[INFO] 22:40:59,173 [Connection worker] internal.TestCordappImpl.statusChanged - Run tasks
?[m?[37m[INFO] 22:40:59,194 [Connection worker] internal.TestCordappImpl.statusChanged - Run build
?[m?[37m[INFO] 22:40:59,245 [Connection worker] internal.TestCordappImpl.statusChanged - Build model 'java.lang.Void' for project ':workflows'
?[m?[37m[INFO] 22:40:59,246 [Connection worker] internal.TestCordappImpl.statusChanged - Run build
?[m?[37m[INFO] 22:40:59,268 [Connection worker] internal.TestCordappImpl.statusChanged - Build
?[m?[37m[INFO] 22:40:59,301 [Connection worker] internal.TestCordappImpl.statusChanged - Deleting unused version-specific caches in /home/adel/corda/articles/web3j-iou/.gradle
?[m?[37m[INFO] 22:40:59,302 [Connection worker] internal.TestCordappImpl.statusChanged - Build
?[m?[37m[INFO] 22:40:59,340 [Connection worker] internal.TestCordappImpl.statusChanged - 
?[m?[37m[INFO] 22:40:59,597 [Test worker] cordapp.JarScanningCordappLoader.fromDirectories - Looking for CorDapps in [build/mock-network/20191205-044041.053/nodes/0/cordapps]
?[m?[37m[INFO] 22:40:59,603 [Test worker] cordapp.JarScanningCordappLoader.<init> - Loading CorDapps from RestrictedURL(url=file:/home/adel/corda/articles/web3j-iou/workflows/build/mock-network/20191205-044041.053/nodes/0/cordapps/workflows-0.1-SNAPSHOT.jar, rootPackageName=null), RestrictedURL(url=file:/home/adel/corda/articles/web3j-iou/workflows/build/mock-network/20191205-044041.053/nodes/0/cordapps/contracts-0.1-SNAPSHOT.jar, rootPackageName=null)
?[m?[37m[INFO] 22:40:59,628 [Test worker] cordapp.JarScanningCordappLoader.scanCordapp - Scanning CorDapp in file:/home/adel/corda/articles/web3j-iou/workflows/build/mock-network/20191205-044041.053/nodes/0/cordapps/workflows-0.1-SNAPSHOT.jar
?[m?[37m[INFO] 22:40:59,655 [Test worker] cordapp.JarScanningCordappLoader.scanCordapp - Scanning CorDapp in file:/home/adel/corda/articles/web3j-iou/workflows/build/mock-network/20191205-044041.053/nodes/0/cordapps/contracts-0.1-SNAPSHOT.jar
?[m?[31m[WARN] 22:40:59,679 [Test worker] cordapp.CordappResolver.warnOnce - More than one CorDapp registered for contract com.example.contracts.IOUContract.
?[m?[37m[INFO] 22:41:00,756 [Test worker] internal.InternalMockNetwork$MockNode.start - Node starting up ...
?[m?[37m[INFO] 22:41:00,844 [Test worker] internal.NodeFlowManager.registerInitiatedFlow - Registered com.example.flows.ExampleFlow$Initiator to initiate com.example.flows.ExampleFlow$Acceptor (version 1)
?[m?[37m[INFO] 22:41:01,640 [Test worker] internal.InternalMockNetwork$MockNode.start - Loaded network parameters: NetworkParameters {
      minimumPlatformVersion=1
      notaries=[NotaryInfo(identity=O=Notary Service, L=Zurich, C=CH, validating=true)]
      maxMessageSize=10485760
      maxTransactionSize=524288000
      whitelistedContractImplementations {
        
      }
      eventHorizon=PT720H
      packageOwnership {
        
      }
      modifiedTime=2019-12-05T04:40:41.030Z
      epoch=1
  }
?[m?[37m[INFO] 22:41:01,715 [Test worker] hikari.HikariDataSource.<init> - HikariPool-1 - Started.
?[m?[37m[INFO] 22:41:07,649 [Test worker] liquibase.info - Creating database history table with name: PUBLIC.DATABASECHANGELOG
?[m?[37m[INFO] 22:41:07,687 [Test worker] liquibase.info - Reading from PUBLIC.DATABASECHANGELOG
?[m?[37m[INFO] 22:41:07,720 [Test worker] liquibase.info - master.changelog.json: migration/common.changelog-init.xml::1511451595465-1.3::R3.Corda: Skipping changeSet migration/common.changelog-init.xml::1511451595465-1.3::R3.Corda due to validation error(s): minValue is not allowed on h2
?[m?[37m[INFO] 22:41:07,761 [Test worker] liquibase.info - master.changelog.json: migration/vault-schema.changelog-pkey.xml::non-clustered_pk-11::R3.Corda: Skipping changeSet migration/vault-schema.changelog-pkey.xml::non-clustered_pk-11::R3.Corda due to validation error(s): clustered is not allowed on h2
?[m?[37m[INFO] 22:41:07,764 [Test worker] liquibase.info - master.changelog.json: migration/vault-schema.changelog-pkey.xml::non-clustered_pk-12::R3.Corda: Skipping changeSet migration/vault-schema.changelog-pkey.xml::non-clustered_pk-12::R3.Corda due to validation error(s): clustered is not allowed on h2
?[m?[37m[INFO] 22:41:07,765 [Test worker] liquibase.info - master.changelog.json: migration/vault-schema.changelog-pkey.xml::non-clustered_pk-13::R3.Corda: Skipping changeSet migration/vault-schema.changelog-pkey.xml::non-clustered_pk-13::R3.Corda due to validation error(s): clustered is not allowed on h2
?[m?[37m[INFO] 22:41:07,824 [Test worker] liquibase.info - master.changelog.json: migration/node-core.changelog-pkey.xml::non-clustered_pk-1::R3.Corda: Skipping changeSet migration/node-core.changelog-pkey.xml::non-clustered_pk-1::R3.Corda due to validation error(s): clustered is not allowed on h2
?[m?[37m[INFO] 22:41:07,826 [Test worker] liquibase.info - master.changelog.json: migration/node-core.changelog-pkey.xml::non-clustered_pk-2::R3.Corda: Skipping changeSet migration/node-core.changelog-pkey.xml::non-clustered_pk-2::R3.Corda due to validation error(s): clustered is not allowed on h2
?[m?[37m[INFO] 22:41:07,827 [Test worker] liquibase.info - master.changelog.json: migration/node-core.changelog-pkey.xml::non-clustered_pk-3::R3.Corda: Skipping changeSet migration/node-core.changelog-pkey.xml::non-clustered_pk-3::R3.Corda due to validation error(s): clustered is not allowed on h2
?[m?[37m[INFO] 22:41:07,829 [Test worker] liquibase.info - master.changelog.json: migration/node-core.changelog-pkey.xml::non-clustered_pk-4::R3.Corda: Skipping changeSet migration/node-core.changelog-pkey.xml::non-clustered_pk-4::R3.Corda due to validation error(s): clustered is not allowed on h2
?[m?[37m[INFO] 22:41:07,830 [Test worker] liquibase.info - master.changelog.json: migration/node-core.changelog-pkey.xml::non-clustered_pk-5::R3.Corda: Skipping changeSet migration/node-core.changelog-pkey.xml::non-clustered_pk-5::R3.Corda due to validation error(s): clustered is not allowed on h2
?[m?[37m[INFO] 22:41:07,831 [Test worker] liquibase.info - master.changelog.json: migration/node-core.changelog-pkey.xml::non-clustered_pk-6::R3.Corda: Skipping changeSet migration/node-core.changelog-pkey.xml::non-clustered_pk-6::R3.Corda due to validation error(s): clustered is not allowed on h2
?[m?[37m[INFO] 22:41:07,832 [Test worker] liquibase.info - master.changelog.json: migration/node-core.changelog-pkey.xml::non-clustered_pk-7::R3.Corda: Skipping changeSet migration/node-core.changelog-pkey.xml::non-clustered_pk-7::R3.Corda due to validation error(s): clustered is not allowed on h2
?[m?[37m[INFO] 22:41:07,851 [Test worker] liquibase.info - master.changelog.json: migration/node-notary.changelog-pkey.xml::non-clustered_pk-notary_state::R3.Corda: Skipping changeSet migration/node-notary.changelog-pkey.xml::non-clustered_pk-notary_state::R3.Corda due to validation error(s): clustered is not allowed on h2
?[m?[37m[INFO] 22:41:07,876 [Test worker] liquibase.info - Successfully acquired change log lock
?[m?[37m[INFO] 22:41:07,877 [Test worker] liquibase.info - master.changelog.json: migration/common.changelog-init.xml::1511451595465-1.3::R3.Corda: Skipping changeSet migration/common.changelog-init.xml::1511451595465-1.3::R3.Corda due to validation error(s): minValue is not allowed on h2
?[m?[37m[INFO] 22:41:07,885 [Test worker] liquibase.info - master.changelog.json: migration/vault-schema.changelog-pkey.xml::non-clustered_pk-11::R3.Corda: Skipping changeSet migration/vault-schema.changelog-pkey.xml::non-clustered_pk-11::R3.Corda due to validation error(s): clustered is not allowed on h2
?[m?[37m[INFO] 22:41:07,886 [Test worker] liquibase.info - master.changelog.json: migration/vault-schema.changelog-pkey.xml::non-clustered_pk-12::R3.Corda: Skipping changeSet migration/vault-schema.changelog-pkey.xml::non-clustered_pk-12::R3.Corda due to validation error(s): clustered is not allowed on h2
?[m?[37m[INFO] 22:41:07,887 [Test worker] liquibase.info - master.changelog.json: migration/vault-schema.changelog-pkey.xml::non-clustered_pk-13::R3.Corda: Skipping changeSet migration/vault-schema.changelog-pkey.xml::non-clustered_pk-13::R3.Corda due to validation error(s): clustered is not allowed on h2
?[m?[37m[INFO] 22:41:07,900 [Test worker] liquibase.info - master.changelog.json: migration/node-core.changelog-pkey.xml::non-clustered_pk-1::R3.Corda: Skipping changeSet migration/node-core.changelog-pkey.xml::non-clustered_pk-1::R3.Corda due to validation error(s): clustered is not allowed on h2
?[m?[37m[INFO] 22:41:07,901 [Test worker] liquibase.info - master.changelog.json: migration/node-core.changelog-pkey.xml::non-clustered_pk-2::R3.Corda: Skipping changeSet migration/node-core.changelog-pkey.xml::non-clustered_pk-2::R3.Corda due to validation error(s): clustered is not allowed on h2
?[m?[37m[INFO] 22:41:07,901 [Test worker] liquibase.info - master.changelog.json: migration/node-core.changelog-pkey.xml::non-clustered_pk-3::R3.Corda: Skipping changeSet migration/node-core.changelog-pkey.xml::non-clustered_pk-3::R3.Corda due to validation error(s): clustered is not allowed on h2
?[m?[37m[INFO] 22:41:07,901 [Test worker] liquibase.info - master.changelog.json: migration/node-core.changelog-pkey.xml::non-clustered_pk-4::R3.Corda: Skipping changeSet migration/node-core.changelog-pkey.xml::non-clustered_pk-4::R3.Corda due to validation error(s): clustered is not allowed on h2
?[m?[37m[INFO] 22:41:07,902 [Test worker] liquibase.info - master.changelog.json: migration/node-core.changelog-pkey.xml::non-clustered_pk-5::R3.Corda: Skipping changeSet migration/node-core.changelog-pkey.xml::non-clustered_pk-5::R3.Corda due to validation error(s): clustered is not allowed on h2
?[m?[37m[INFO] 22:41:07,902 [Test worker] liquibase.info - master.changelog.json: migration/node-core.changelog-pkey.xml::non-clustered_pk-6::R3.Corda: Skipping changeSet migration/node-core.changelog-pkey.xml::non-clustered_pk-6::R3.Corda due to validation error(s): clustered is not allowed on h2
?[m?[37m[INFO] 22:41:07,903 [Test worker] liquibase.info - master.changelog.json: migration/node-core.changelog-pkey.xml::non-clustered_pk-7::R3.Corda: Skipping changeSet migration/node-core.changelog-pkey.xml::non-clustered_pk-7::R3.Corda due to validation error(s): clustered is not allowed on h2
?[m?[37m[INFO] 22:41:07,909 [Test worker] liquibase.info - master.changelog.json: migration/node-notary.changelog-pkey.xml::non-clustered_pk-notary_state::R3.Corda: Skipping changeSet migration/node-notary.changelog-pkey.xml::non-clustered_pk-notary_state::R3.Corda due to validation error(s): clustered is not allowed on h2
?[m?[37m[INFO] 22:41:07,924 [Test worker] liquibase.info - master.changelog.json: migration/common.changelog-init.xml::1511451595465-1.1::R3.Corda: Sequence hibernate_sequence created
?[m?[37m[INFO] 22:41:07,925 [Test worker] liquibase.info - master.changelog.json: migration/common.changelog-init.xml::1511451595465-1.1::R3.Corda: ChangeSet migration/common.changelog-init.xml::1511451595465-1.1::R3.Corda ran successfully in 14ms
?[m?[37m[INFO] 22:41:07,942 [Test worker] liquibase.info - master.changelog.json: migration/vault-schema.changelog-init.xml::1511451595465-22::R3.Corda: Table vault_fungible_states created
?[m?[37m[INFO] 22:41:07,943 [Test worker] liquibase.info - master.changelog.json: migration/vault-schema.changelog-init.xml::1511451595465-22::R3.Corda: ChangeSet migration/vault-schema.changelog-init.xml::1511451595465-22::R3.Corda ran successfully in 2ms
?[m?[37m[INFO] 22:41:07,947 [Test worker] liquibase.info - master.changelog.json: migration/vault-schema.changelog-init.xml::1511451595465-23::R3.Corda: Table vault_fungible_states_parts created
?[m?[37m[INFO] 22:41:07,947 [Test worker] liquibase.info - master.changelog.json: migration/vault-schema.changelog-init.xml::1511451595465-23::R3.Corda: ChangeSet migration/vault-schema.changelog-init.xml::1511451595465-23::R3.Corda ran successfully in 2ms
?[m?[37m[INFO] 22:41:07,961 [Test worker] liquibase.info - master.changelog.json: migration/vault-schema.changelog-init.xml::1511451595465-24::R3.Corda: Table vault_linear_states created
?[m?[37m[INFO] 22:41:07,962 [Test worker] liquibase.info - master.changelog.json: migration/vault-schema.changelog-init.xml::1511451595465-24::R3.Corda: ChangeSet migration/vault-schema.changelog-init.xml::1511451595465-24::R3.Corda ran successfully in 2ms
?[m?[37m[INFO] 22:41:07,967 [Test worker] liquibase.info - master.changelog.json: migration/vault-schema.changelog-init.xml::1511451595465-25::R3.Corda: Table vault_linear_states_parts created
?[m?[37m[INFO] 22:41:07,968 [Test worker] liquibase.info - master.changelog.json: migration/vault-schema.changelog-init.xml::1511451595465-25::R3.Corda: ChangeSet migration/vault-schema.changelog-init.xml::1511451595465-25::R3.Corda ran successfully in 3ms
?[m?[37m[INFO] 22:41:07,973 [Test worker] liquibase.info - master.changelog.json: migration/vault-schema.changelog-init.xml::1511451595465-26::R3.Corda: Table vault_states created
?[m?[37m[INFO] 22:41:07,974 [Test worker] liquibase.info - master.changelog.json: migration/vault-schema.changelog-init.xml::1511451595465-26::R3.Corda: ChangeSet migration/vault-schema.changelog-init.xml::1511451595465-26::R3.Corda ran successfully in 2ms
?[m?[37m[INFO] 22:41:07,978 [Test worker] liquibase.info - master.changelog.json: migration/vault-schema.changelog-init.xml::1511451595465-27::R3.Corda: Table vault_transaction_notes created
?[m?[37m[INFO] 22:41:07,979 [Test worker] liquibase.info - master.changelog.json: migration/vault-schema.changelog-init.xml::1511451595465-27::R3.Corda: ChangeSet migration/vault-schema.changelog-init.xml::1511451595465-27::R3.Corda ran successfully in 3ms
?[m?[37m[INFO] 22:41:07,986 [Test worker] liquibase.info - master.changelog.json: migration/vault-schema.changelog-init.xml::1511451595465-47::R3.Corda: Primary key added to vault_fungible_states (output_index, transaction_id)
?[m?[37m[INFO] 22:41:07,986 [Test worker] liquibase.info - master.changelog.json: migration/vault-schema.changelog-init.xml::1511451595465-47::R3.Corda: ChangeSet migration/vault-schema.changelog-init.xml::1511451595465-47::R3.Corda ran successfully in 5ms
?[m?[37m[INFO] 22:41:07,997 [Test worker] liquibase.info - master.changelog.json: migration/vault-schema.changelog-init.xml::1511451595465-48::R3.Corda: Primary key added to vault_linear_states (output_index, transaction_id)
?[m?[37m[INFO] 22:41:07,998 [Test worker] liquibase.info - master.changelog.json: migration/vault-schema.changelog-init.xml::1511451595465-48::R3.Corda: ChangeSet migration/vault-schema.changelog-init.xml::1511451595465-48::R3.Corda ran successfully in 8ms
?[m?[37m[INFO] 22:41:08,002 [Test worker] liquibase.info - master.changelog.json: migration/vault-schema.changelog-init.xml::1511451595465-49::R3.Corda: Primary key added to vault_states (output_index, transaction_id)
?[m?[37m[INFO] 22:41:08,007 [Test worker] liquibase.info - master.changelog.json: migration/vault-schema.changelog-init.xml::1511451595465-49::R3.Corda: ChangeSet migration/vault-schema.changelog-init.xml::1511451595465-49::R3.Corda ran successfully in 2ms
?[m?[37m[INFO] 22:41:08,012 [Test worker] liquibase.info - master.changelog.json: migration/vault-schema.changelog-init.xml::1511451595465-50::R3.Corda: Primary key added to vault_transaction_notes (seq_no)
?[m?[37m[INFO] 22:41:08,012 [Test worker] liquibase.info - master.changelog.json: migration/vault-schema.changelog-init.xml::1511451595465-50::R3.Corda: ChangeSet migration/vault-schema.changelog-init.xml::1511451595465-50::R3.Corda ran successfully in 2ms
?[m?[37m[INFO] 22:41:08,018 [Test worker] liquibase.info - master.changelog.json: migration/vault-schema.changelog-init.xml::1511451595465-53::R3.Corda: Index external_id_index created
?[m?[37m[INFO] 22:41:08,018 [Test worker] liquibase.info - master.changelog.json: migration/vault-schema.changelog-init.xml::1511451595465-53::R3.Corda: ChangeSet migration/vault-schema.changelog-init.xml::1511451595465-53::R3.Corda ran successfully in 3ms
?[m?[37m[INFO] 22:41:08,023 [Test worker] liquibase.info - master.changelog.json: migration/vault-schema.changelog-init.xml::1511451595465-55::R3.Corda: Index lock_id_idx created
?[m?[37m[INFO] 22:41:08,024 [Test worker] liquibase.info - master.changelog.json: migration/vault-schema.changelog-init.xml::1511451595465-55::R3.Corda: ChangeSet migration/vault-schema.changelog-init.xml::1511451595465-55::R3.Corda ran successfully in 2ms
?[m?[37m[INFO] 22:41:08,028 [Test worker] liquibase.info - master.changelog.json: migration/vault-schema.changelog-init.xml::1511451595465-58::R3.Corda: Index state_status_idx created
?[m?[37m[INFO] 22:41:08,028 [Test worker] liquibase.info - master.changelog.json: migration/vault-schema.changelog-init.xml::1511451595465-58::R3.Corda: ChangeSet migration/vault-schema.changelog-init.xml::1511451595465-58::R3.Corda ran successfully in 2ms
?[m?[37m[INFO] 22:41:08,032 [Test worker] liquibase.info - master.changelog.json: migration/vault-schema.changelog-init.xml::1511451595465-59::R3.Corda: Index transaction_id_index created
?[m?[37m[INFO] 22:41:08,033 [Test worker] liquibase.info - master.changelog.json: migration/vault-schema.changelog-init.xml::1511451595465-59::R3.Corda: ChangeSet migration/vault-schema.changelog-init.xml::1511451595465-59::R3.Corda ran successfully in 1ms
?[m?[37m[INFO] 22:41:08,037 [Test worker] liquibase.info - master.changelog.json: migration/vault-schema.changelog-init.xml::1511451595465-60::R3.Corda: Index uuid_index created
?[m?[37m[INFO] 22:41:08,037 [Test worker] liquibase.info - master.changelog.json: migration/vault-schema.changelog-init.xml::1511451595465-60::R3.Corda: ChangeSet migration/vault-schema.changelog-init.xml::1511451595465-60::R3.Corda ran successfully in 2ms
?[m?[37m[INFO] 22:41:08,050 [Test worker] liquibase.info - master.changelog.json: migration/vault-schema.changelog-init.xml::1511451595465-64::R3.Corda: Foreign key constraint added to vault_fungible_states_parts (output_index,transaction_id)
?[m?[37m[INFO] 22:41:08,051 [Test worker] liquibase.info - master.changelog.json: migration/vault-schema.changelog-init.xml::1511451595465-64::R3.Corda: ChangeSet migration/vault-schema.changelog-init.xml::1511451595465-64::R3.Corda ran successfully in 11ms
?[m?[37m[INFO] 22:41:08,057 [Test worker] liquibase.info - master.changelog.json: migration/vault-schema.changelog-init.xml::1511451595465-65::R3.Corda: Foreign key constraint added to vault_linear_states_parts (output_index,transaction_id)
?[m?[37m[INFO] 22:41:08,057 [Test worker] liquibase.info - master.changelog.json: migration/vault-schema.changelog-init.xml::1511451595465-65::R3.Corda: ChangeSet migration/vault-schema.changelog-init.xml::1511451595465-65::R3.Corda ran successfully in 4ms
?[m?[37m[INFO] 22:41:08,061 [Test worker] liquibase.info - master.changelog.json: migration/vault-schema.changelog-v3.xml::clean_vault::R3.Corda: Data deleted from vault_fungible_states_parts
?[m?[37m[INFO] 22:41:08,061 [Test worker] liquibase.info - master.changelog.json: migration/vault-schema.changelog-v3.xml::clean_vault::R3.Corda: Data deleted from vault_fungible_states
?[m?[37m[INFO] 22:41:08,062 [Test worker] liquibase.info - master.changelog.json: migration/vault-schema.changelog-v3.xml::clean_vault::R3.Corda: Data deleted from vault_linear_states_parts
?[m?[37m[INFO] 22:41:08,062 [Test worker] liquibase.info - master.changelog.json: migration/vault-schema.changelog-v3.xml::clean_vault::R3.Corda: Data deleted from vault_linear_states
?[m?[37m[INFO] 22:41:08,063 [Test worker] liquibase.info - master.changelog.json: migration/vault-schema.changelog-v3.xml::clean_vault::R3.Corda: Data deleted from vault_states
?[m?[37m[INFO] 22:41:08,063 [Test worker] liquibase.info - master.changelog.json: migration/vault-schema.changelog-v3.xml::clean_vault::R3.Corda: Data deleted from vault_transaction_notes
?[m?[37m[INFO] 22:41:08,064 [Test worker] liquibase.info - master.changelog.json: migration/vault-schema.changelog-v3.xml::clean_vault::R3.Corda: ChangeSet migration/vault-schema.changelog-v3.xml::clean_vault::R3.Corda ran successfully in 4ms
?[m?[37m[INFO] 22:41:08,071 [Test worker] liquibase.info - master.changelog.json: migration/vault-schema.changelog-v4.xml::nullability::R3.Corda: Null constraint has been added to vault_fungible_states.quantity
?[m?[37m[INFO] 22:41:08,072 [Test worker] liquibase.info - master.changelog.json: migration/vault-schema.changelog-v4.xml::nullability::R3.Corda: Null constraint has been added to vault_states.contract_state_class_name
?[m?[37m[INFO] 22:41:08,073 [Test worker] liquibase.info - master.changelog.json: migration/vault-schema.changelog-v4.xml::nullability::R3.Corda: Null constraint has been added to vault_states.notary_name
?[m?[37m[INFO] 22:41:08,074 [Test worker] liquibase.info - master.changelog.json: migration/vault-schema.changelog-v4.xml::nullability::R3.Corda: Null constraint has been added to vault_states.recorded_timestamp
?[m?[37m[INFO] 22:41:08,077 [Test worker] liquibase.info - master.changelog.json: migration/vault-schema.changelog-v4.xml::nullability::R3.Corda: Index state_status_idx dropped from table vault_states
?[m?[37m[INFO] 22:41:08,079 [Test worker] liquibase.info - master.changelog.json: migration/vault-schema.changelog-v4.xml::nullability::R3.Corda: Index lock_id_idx dropped from table vault_states
?[m?[37m[INFO] 22:41:08,080 [Test worker] liquibase.info - master.changelog.json: migration/vault-schema.changelog-v4.xml::nullability::R3.Corda: Null constraint has been added to vault_states.state_status
?[m?[37m[INFO] 22:41:08,082 [Test worker] liquibase.info - master.changelog.json: migration/vault-schema.changelog-v4.xml::nullability::R3.Corda: Index state_status_idx created
?[m?[37m[INFO] 22:41:08,084 [Test worker] liquibase.info - master.changelog.json: migration/vault-schema.changelog-v4.xml::nullability::R3.Corda: Index lock_id_idx created
?[m?[37m[INFO] 22:41:08,085 [Test worker] liquibase.info - master.changelog.json: migration/vault-schema.changelog-v4.xml::nullability::R3.Corda: Index transaction_id_index dropped from table vault_transaction_notes
?[m?[37m[INFO] 22:41:08,087 [Test worker] liquibase.info - master.changelog.json: migration/vault-schema.changelog-v4.xml::nullability::R3.Corda: Null constraint has been added to vault_transaction_notes.note
?[m?[37m[INFO] 22:41:08,089 [Test worker] liquibase.info - master.changelog.json: migration/vault-schema.changelog-v4.xml::nullability::R3.Corda: Null constraint has been added to vault_transaction_notes.transaction_id
?[m?[37m[INFO] 22:41:08,090 [Test worker] liquibase.info - master.changelog.json: migration/vault-schema.changelog-v4.xml::nullability::R3.Corda: Index transaction_id_index created
?[m?[37m[INFO] 22:41:08,091 [Test worker] liquibase.info - master.changelog.json: migration/vault-schema.changelog-v4.xml::nullability::R3.Corda: ChangeSet migration/vault-schema.changelog-v4.xml::nullability::R3.Corda ran successfully in 24ms
?[m?[37m[INFO] 22:41:08,125 [Test worker] liquibase.info - master.changelog.json: migration/vault-schema.changelog-v5.xml::add_relevancy_status_column::R3.Corda: Columns relevancy_status(INT) added to vault_states
?[m?[37m[INFO] 22:41:08,126 [Test worker] liquibase.info - master.changelog.json: migration/vault-schema.changelog-v5.xml::add_relevancy_status_column::R3.Corda: Data updated in vault_states
?[m?[37m[INFO] 22:41:08,127 [Test worker] liquibase.info - master.changelog.json: migration/vault-schema.changelog-v5.xml::add_relevancy_status_column::R3.Corda: Null constraint has been added to vault_states.relevancy_status
?[m?[37m[INFO] 22:41:08,128 [Test worker] liquibase.info - master.changelog.json: migration/vault-schema.changelog-v5.xml::add_relevancy_status_column::R3.Corda: ChangeSet migration/vault-schema.changelog-v5.xml::add_relevancy_status_column::R3.Corda ran successfully in 22ms
?[m?[37m[INFO] 22:41:08,145 [Test worker] liquibase.info - master.changelog.json: migration/vault-schema.changelog-v6.xml::add_is_constraint_information_columns::R3.Corda: Columns constraint_type(INT) added to vault_states
?[m?[37m[INFO] 22:41:08,157 [Test worker] liquibase.info - master.changelog.json: migration/vault-schema.changelog-v6.xml::add_is_constraint_information_columns::R3.Corda: Columns constraint_data(varbinary(563)) added to vault_states
?[m?[37m[INFO] 22:41:08,158 [Test worker] liquibase.info - master.changelog.json: migration/vault-schema.changelog-v6.xml::add_is_constraint_information_columns::R3.Corda: ChangeSet migration/vault-schema.changelog-v6.xml::add_is_constraint_information_columns::R3.Corda ran successfully in 28ms
?[m?[37m[INFO] 22:41:08,161 [Test worker] liquibase.info - master.changelog.json: migration/vault-schema.changelog-v7.xml::make_issuer_ref_nullable::R3.Corda: Null constraint dropped from vault_fungible_states.issuer_ref
?[m?[37m[INFO] 22:41:08,162 [Test worker] liquibase.info - master.changelog.json: migration/vault-schema.changelog-v7.xml::make_issuer_ref_nullable::R3.Corda: ChangeSet migration/vault-schema.changelog-v7.xml::make_issuer_ref_nullable::R3.Corda ran successfully in 0ms
?[m?[37m[INFO] 22:41:08,165 [Test worker] liquibase.info - master.changelog.json: migration/vault-schema.changelog-v8.xml::create-external-id-to-state-party-view::R3.Corda: Table state_party created
?[m?[37m[INFO] 22:41:08,166 [Test worker] liquibase.info - master.changelog.json: migration/vault-schema.changelog-v8.xml::create-external-id-to-state-party-view::R3.Corda: Index state_pk_hash_idx created
?[m?[37m[INFO] 22:41:08,167 [Test worker] liquibase.info - master.changelog.json: migration/vault-schema.changelog-v8.xml::create-external-id-to-state-party-view::R3.Corda: Table pk_hash_to_ext_id_map created
?[m?[37m[INFO] 22:41:08,168 [Test worker] liquibase.info - master.changelog.json: migration/vault-schema.changelog-v8.xml::create-external-id-to-state-party-view::R3.Corda: Index pk_hash_to_xid_idx created
?[m?[37m[INFO] 22:41:08,174 [Test worker] liquibase.info - master.changelog.json: migration/vault-schema.changelog-v8.xml::create-external-id-to-state-party-view::R3.Corda: View v_pkey_hash_ex_id_map created
?[m?[37m[INFO] 22:41:08,174 [Test worker] liquibase.info - master.changelog.json: migration/vault-schema.changelog-v8.xml::create-external-id-to-state-party-view::R3.Corda: ChangeSet migration/vault-schema.changelog-v8.xml::create-external-id-to-state-party-view::R3.Corda ran successfully in 10ms
?[m?[37m[INFO] 22:41:08,179 [Test worker] liquibase.info - master.changelog.json: migration/node-info.changelog-init.xml::1511451595465-4::R3.Corda: Table node_link_nodeinfo_party created
?[m?[37m[INFO] 22:41:08,180 [Test worker] liquibase.info - master.changelog.json: migration/node-info.changelog-init.xml::1511451595465-4::R3.Corda: ChangeSet migration/node-info.changelog-init.xml::1511451595465-4::R3.Corda ran successfully in 2ms
?[m?[37m[INFO] 22:41:08,184 [Test worker] liquibase.info - master.changelog.json: migration/node-info.changelog-init.xml::1511451595465-10::R3.Corda: Table node_info_hosts created
?[m?[37m[INFO] 22:41:08,184 [Test worker] liquibase.info - master.changelog.json: migration/node-info.changelog-init.xml::1511451595465-10::R3.Corda: ChangeSet migration/node-info.changelog-init.xml::1511451595465-10::R3.Corda ran successfully in 2ms
?[m?[37m[INFO] 22:41:08,188 [Test worker] liquibase.info - master.changelog.json: migration/node-info.changelog-init.xml::1511451595465-11::R3.Corda: Table node_info_party_cert created
?[m?[37m[INFO] 22:41:08,189 [Test worker] liquibase.info - master.changelog.json: migration/node-info.changelog-init.xml::1511451595465-11::R3.Corda: ChangeSet migration/node-info.changelog-init.xml::1511451595465-11::R3.Corda ran successfully in 1ms
?[m?[37m[INFO] 22:41:08,192 [Test worker] liquibase.info - master.changelog.json: migration/node-info.changelog-init.xml::1511451595465-12::R3.Corda: Table node_infos created
?[m?[37m[INFO] 22:41:08,192 [Test worker] liquibase.info - master.changelog.json: migration/node-info.changelog-init.xml::1511451595465-12::R3.Corda: ChangeSet migration/node-info.changelog-init.xml::1511451595465-12::R3.Corda ran successfully in 2ms
?[m?[37m[INFO] 22:41:08,196 [Test worker] liquibase.info - master.changelog.json: migration/node-info.changelog-init.xml::1511451595465-35::R3.Corda: Primary key added to node_info_hosts (host, port)
?[m?[37m[INFO] 22:41:08,196 [Test worker] liquibase.info - master.changelog.json: migration/node-info.changelog-init.xml::1511451595465-35::R3.Corda: ChangeSet migration/node-info.changelog-init.xml::1511451595465-35::R3.Corda ran successfully in 2ms
?[m?[37m[INFO] 22:41:08,200 [Test worker] liquibase.info - master.changelog.json: migration/node-info.changelog-init.xml::1511451595465-36::R3.Corda: Primary key added to node_info_party_cert (party_name)
?[m?[37m[INFO] 22:41:08,200 [Test worker] liquibase.info - master.changelog.json: migration/node-info.changelog-init.xml::1511451595465-36::R3.Corda: ChangeSet migration/node-info.changelog-init.xml::1511451595465-36::R3.Corda ran successfully in 1ms
?[m?[37m[INFO] 22:41:08,204 [Test worker] liquibase.info - master.changelog.json: migration/node-info.changelog-init.xml::1511451595465-37::R3.Corda: Primary key added to node_infos (node_info_id)
?[m?[37m[INFO] 22:41:08,204 [Test worker] liquibase.info - master.changelog.json: migration/node-info.changelog-init.xml::1511451595465-37::R3.Corda: ChangeSet migration/node-info.changelog-init.xml::1511451595465-37::R3.Corda ran successfully in 2ms
?[m?[37m[INFO] 22:41:08,211 [Test worker] liquibase.info - master.changelog.json: migration/node-info.changelog-init.xml::1511451595465-62::R3.Corda: Foreign key constraint added to node_link_nodeinfo_party (node_info_id)
?[m?[37m[INFO] 22:41:08,211 [Test worker] liquibase.info - master.changelog.json: migration/node-info.changelog-init.xml::1511451595465-62::R3.Corda: ChangeSet migration/node-info.changelog-init.xml::1511451595465-62::R3.Corda ran successfully in 4ms
?[m?[37m[INFO] 22:41:08,217 [Test worker] liquibase.info - master.changelog.json: migration/node-info.changelog-init.xml::1511451595465-63::R3.Corda: Foreign key constraint added to node_info_hosts (node_info_id)
?[m?[37m[INFO] 22:41:08,218 [Test worker] liquibase.info - master.changelog.json: migration/node-info.changelog-init.xml::1511451595465-63::R3.Corda: ChangeSet migration/node-info.changelog-init.xml::1511451595465-63::R3.Corda ran successfully in 4ms
?[m?[37m[INFO] 22:41:08,220 [Test worker] liquibase.info - master.changelog.json: migration/node-info.changelog-init.xml::remove_host_port_pk::R3.Corda: Data deleted from node_infos
?[m?[37m[INFO] 22:41:08,221 [Test worker] liquibase.info - master.changelog.json: migration/node-info.changelog-init.xml::remove_host_port_pk::R3.Corda: Data deleted from node_link_nodeinfo_party
?[m?[37m[INFO] 22:41:08,221 [Test worker] liquibase.info - master.changelog.json: migration/node-info.changelog-init.xml::remove_host_port_pk::R3.Corda: Data deleted from node_info_hosts
?[m?[37m[INFO] 22:41:08,222 [Test worker] liquibase.info - master.changelog.json: migration/node-info.changelog-init.xml::remove_host_port_pk::R3.Corda: Data deleted from node_info_party_cert
?[m?[37m[INFO] 22:41:08,225 [Test worker] liquibase.info - master.changelog.json: migration/node-info.changelog-init.xml::remove_host_port_pk::R3.Corda: Primary key dropped from node_info_hosts
?[m?[37m[INFO] 22:41:08,244 [Test worker] liquibase.info - master.changelog.json: migration/node-info.changelog-init.xml::remove_host_port_pk::R3.Corda: Columns hosts_id(INT) added to node_info_hosts
?[m?[37m[INFO] 22:41:08,246 [Test worker] liquibase.info - master.changelog.json: migration/node-info.changelog-init.xml::remove_host_port_pk::R3.Corda: Primary key added to node_info_hosts (hosts_id)
?[m?[37m[INFO] 22:41:08,246 [Test worker] liquibase.info - master.changelog.json: migration/node-info.changelog-init.xml::remove_host_port_pk::R3.Corda: ChangeSet migration/node-info.changelog-init.xml::remove_host_port_pk::R3.Corda ran successfully in 26ms
?[m?[37m[INFO] 22:41:08,251 [Test worker] liquibase.info - master.changelog.json: migration/node-info.changelog-v1.xml::key/value node properties table::R3.Corda: Table node_properties created
?[m?[37m[INFO] 22:41:08,251 [Test worker] liquibase.info - master.changelog.json: migration/node-info.changelog-v1.xml::key/value node properties table::R3.Corda: ChangeSet migration/node-info.changelog-v1.xml::key/value node properties table::R3.Corda ran successfully in 2ms
?[m?[37m[INFO] 22:41:08,255 [Test worker] liquibase.info - master.changelog.json: migration/node-info.changelog-v2.xml::1525962920::R3.Corda: Null constraint has been added to node_infos.node_info_hash
?[m?[37m[INFO] 22:41:08,256 [Test worker] liquibase.info - master.changelog.json: migration/node-info.changelog-v2.xml::1525962920::R3.Corda: Null constraint has been added to node_infos.platform_version
?[m?[37m[INFO] 22:41:08,257 [Test worker] liquibase.info - master.changelog.json: migration/node-info.changelog-v2.xml::1525962920::R3.Corda: Null constraint has been added to node_infos.serial
?[m?[37m[INFO] 22:41:08,258 [Test worker] liquibase.info - master.changelog.json: migration/node-info.changelog-v2.xml::1525962920::R3.Corda: Null constraint dropped from node_info_hosts.host
?[m?[37m[INFO] 22:41:08,259 [Test worker] liquibase.info - master.changelog.json: migration/node-info.changelog-v2.xml::1525962920::R3.Corda: Null constraint dropped from node_info_hosts.port
?[m?[37m[INFO] 22:41:08,260 [Test worker] liquibase.info - master.changelog.json: migration/node-info.changelog-v2.xml::1525962920::R3.Corda: Null constraint has been added to node_info_party_cert.owning_key_hash
?[m?[37m[INFO] 22:41:08,262 [Test worker] liquibase.info - master.changelog.json: migration/node-info.changelog-v2.xml::1525962920::R3.Corda: Null constraint has been added to node_info_party_cert.party_cert_binary
?[m?[37m[INFO] 22:41:08,262 [Test worker] liquibase.info - master.changelog.json: migration/node-info.changelog-v2.xml::1525962920::R3.Corda: ChangeSet migration/node-info.changelog-v2.xml::1525962920::R3.Corda ran successfully in 9ms
?[m?[37m[INFO] 22:41:08,268 [Test worker] liquibase.info - master.changelog.json: migration/node-info.changelog-v3.xml::column_host_name::R3.Corda: Column node_info_hosts.host renamed to host_name
?[m?[37m[INFO] 22:41:08,268 [Test worker] liquibase.info - master.changelog.json: migration/node-info.changelog-v3.xml::column_host_name::R3.Corda: ChangeSet migration/node-info.changelog-v3.xml::column_host_name::R3.Corda ran successfully in 3ms
?[m?[37m[INFO] 22:41:08,271 [Test worker] liquibase.info - master.changelog.json: migration/node-services.changelog-init.xml::1511451595465-5::R3.Corda: Table node_attachments created
?[m?[37m[INFO] 22:41:08,271 [Test worker] liquibase.info - master.changelog.json: migration/node-services.changelog-init.xml::1511451595465-5::R3.Corda: ChangeSet migration/node-services.changelog-init.xml::1511451595465-5::R3.Corda ran successfully in 1ms
?[m?[37m[INFO] 22:41:08,275 [Test worker] liquibase.info - master.changelog.json: migration/node-services.changelog-init.xml::1511451595465-7::R3.Corda: Table node_checkpoints created
?[m?[37m[INFO] 22:41:08,275 [Test worker] liquibase.info - master.changelog.json: migration/node-services.changelog-init.xml::1511451595465-7::R3.Corda: ChangeSet migration/node-services.changelog-init.xml::1511451595465-7::R3.Corda ran successfully in 2ms
?[m?[37m[INFO] 22:41:08,281 [Test worker] liquibase.info - master.changelog.json: migration/node-services.changelog-init.xml::1511451595465-8::R3.Corda: Table node_contract_upgrades created
?[m?[37m[INFO] 22:41:08,282 [Test worker] liquibase.info - master.changelog.json: migration/node-services.changelog-init.xml::1511451595465-8::R3.Corda: ChangeSet migration/node-services.changelog-init.xml::1511451595465-8::R3.Corda ran successfully in 1ms
?[m?[37m[INFO] 22:41:08,284 [Test worker] liquibase.info - master.changelog.json: migration/node-services.changelog-init.xml::1511451595465-9::R3.Corda: Table node_identities created
?[m?[37m[INFO] 22:41:08,285 [Test worker] liquibase.info - master.changelog.json: migration/node-services.changelog-init.xml::1511451595465-9::R3.Corda: ChangeSet migration/node-services.changelog-init.xml::1511451595465-9::R3.Corda ran successfully in 2ms
?[m?[37m[INFO] 22:41:08,289 [Test worker] liquibase.info - master.changelog.json: migration/node-services.changelog-init.xml::1511451595465-13::R3.Corda: Table node_message_ids created
?[m?[37m[INFO] 22:41:08,289 [Test worker] liquibase.info - master.changelog.json: migration/node-services.changelog-init.xml::1511451595465-13::R3.Corda: ChangeSet migration/node-services.changelog-init.xml::1511451595465-13::R3.Corda ran successfully in 2ms
?[m?[37m[INFO] 22:41:08,292 [Test worker] liquibase.info - master.changelog.json: migration/node-services.changelog-init.xml::1511451595465-14::R3.Corda: Table node_message_retry created
?[m?[37m[INFO] 22:41:08,293 [Test worker] liquibase.info - master.changelog.json: migration/node-services.changelog-init.xml::1511451595465-14::R3.Corda: ChangeSet migration/node-services.changelog-init.xml::1511451595465-14::R3.Corda ran successfully in 2ms
?[m?[37m[INFO] 22:41:08,297 [Test worker] liquibase.info - master.changelog.json: migration/node-services.changelog-init.xml::1511451595465-15::R3.Corda: Table node_named_identities created
?[m?[37m[INFO] 22:41:08,297 [Test worker] liquibase.info - master.changelog.json: migration/node-services.changelog-init.xml::1511451595465-15::R3.Corda: ChangeSet migration/node-services.changelog-init.xml::1511451595465-15::R3.Corda ran successfully in 2ms
?[m?[37m[INFO] 22:41:08,302 [Test worker] liquibase.info - master.changelog.json: migration/node-services.changelog-init.xml::1511451595465-17::R3.Corda: Table node_our_key_pairs created
?[m?[37m[INFO] 22:41:08,302 [Test worker] liquibase.info - master.changelog.json: migration/node-services.changelog-init.xml::1511451595465-17::R3.Corda: ChangeSet migration/node-services.changelog-init.xml::1511451595465-17::R3.Corda ran successfully in 2ms
?[m?[37m[INFO] 22:41:08,306 [Test worker] liquibase.info - master.changelog.json: migration/node-services.changelog-init.xml::1511451595465-19::R3.Corda: Table node_scheduled_states created
?[m?[37m[INFO] 22:41:08,306 [Test worker] liquibase.info - master.changelog.json: migration/node-services.changelog-init.xml::1511451595465-19::R3.Corda: ChangeSet migration/node-services.changelog-init.xml::1511451595465-19::R3.Corda ran successfully in 2ms
?[m?[37m[INFO] 22:41:08,310 [Test worker] liquibase.info - master.changelog.json: migration/node-services.changelog-init.xml::1511451595465-20::R3.Corda: Table node_transaction_mappings created
?[m?[37m[INFO] 22:41:08,310 [Test worker] liquibase.info - master.changelog.json: migration/node-services.changelog-init.xml::1511451595465-20::R3.Corda: ChangeSet migration/node-services.changelog-init.xml::1511451595465-20::R3.Corda ran successfully in 2ms
?[m?[37m[INFO] 22:41:08,315 [Test worker] liquibase.info - master.changelog.json: migration/node-services.changelog-init.xml::1511451595465-21::R3.Corda: Table node_transactions created
?[m?[37m[INFO] 22:41:08,315 [Test worker] liquibase.info - master.changelog.json: migration/node-services.changelog-init.xml::1511451595465-21::R3.Corda: ChangeSet migration/node-services.changelog-init.xml::1511451595465-21::R3.Corda ran successfully in 2ms
?[m?[37m[INFO] 22:41:08,319 [Test worker] liquibase.info - master.changelog.json: migration/node-services.changelog-init.xml::1511451595465-30::R3.Corda: Primary key added to node_attachments (att_id)
?[m?[37m[INFO] 22:41:08,319 [Test worker] liquibase.info - master.changelog.json: migration/node-services.changelog-init.xml::1511451595465-30::R3.Corda: ChangeSet migration/node-services.changelog-init.xml::1511451595465-30::R3.Corda ran successfully in 2ms
?[m?[37m[INFO] 22:41:08,323 [Test worker] liquibase.info - master.changelog.json: migration/node-services.changelog-init.xml::1511451595465-32::R3.Corda: Primary key added to node_checkpoints (checkpoint_id)
?[m?[37m[INFO] 22:41:08,323 [Test worker] liquibase.info - master.changelog.json: migration/node-services.changelog-init.xml::1511451595465-32::R3.Corda: ChangeSet migration/node-services.changelog-init.xml::1511451595465-32::R3.Corda ran successfully in 2ms
?[m?[37m[INFO] 22:41:08,327 [Test worker] liquibase.info - master.changelog.json: migration/node-services.changelog-init.xml::1511451595465-33::R3.Corda: Primary key added to node_contract_upgrades (state_ref)
?[m?[37m[INFO] 22:41:08,327 [Test worker] liquibase.info - master.changelog.json: migration/node-services.changelog-init.xml::1511451595465-33::R3.Corda: ChangeSet migration/node-services.changelog-init.xml::1511451595465-33::R3.Corda ran successfully in 1ms
?[m?[37m[INFO] 22:41:08,330 [Test worker] liquibase.info - master.changelog.json: migration/node-services.changelog-init.xml::1511451595465-34::R3.Corda: Primary key added to node_identities (pk_hash)
?[m?[37m[INFO] 22:41:08,331 [Test worker] liquibase.info - master.changelog.json: migration/node-services.changelog-init.xml::1511451595465-34::R3.Corda: ChangeSet migration/node-services.changelog-init.xml::1511451595465-34::R3.Corda ran successfully in 1ms
?[m?[37m[INFO] 22:41:08,334 [Test worker] liquibase.info - master.changelog.json: migration/node-services.changelog-init.xml::1511451595465-38::R3.Corda: Primary key added to node_message_ids (message_id)
?[m?[37m[INFO] 22:41:08,334 [Test worker] liquibase.info - master.changelog.json: migration/node-services.changelog-init.xml::1511451595465-38::R3.Corda: ChangeSet migration/node-services.changelog-init.xml::1511451595465-38::R3.Corda ran successfully in 2ms
?[m?[37m[INFO] 22:41:08,338 [Test worker] liquibase.info - master.changelog.json: migration/node-services.changelog-init.xml::1511451595465-39::R3.Corda: Primary key added to node_message_retry (message_id)
?[m?[37m[INFO] 22:41:08,338 [Test worker] liquibase.info - master.changelog.json: migration/node-services.changelog-init.xml::1511451595465-39::R3.Corda: ChangeSet migration/node-services.changelog-init.xml::1511451595465-39::R3.Corda ran successfully in 2ms
?[m?[37m[INFO] 22:41:08,341 [Test worker] liquibase.info - master.changelog.json: migration/node-services.changelog-init.xml::1511451595465-40::R3.Corda: Primary key added to node_named_identities (name)
?[m?[37m[INFO] 22:41:08,342 [Test worker] liquibase.info - master.changelog.json: migration/node-services.changelog-init.xml::1511451595465-40::R3.Corda: ChangeSet migration/node-services.changelog-init.xml::1511451595465-40::R3.Corda ran successfully in 1ms
?[m?[37m[INFO] 22:41:08,345 [Test worker] liquibase.info - master.changelog.json: migration/node-services.changelog-init.xml::1511451595465-42::R3.Corda: Primary key added to node_our_key_pairs (public_key_hash)
?[m?[37m[INFO] 22:41:08,345 [Test worker] liquibase.info - master.changelog.json: migration/node-services.changelog-init.xml::1511451595465-42::R3.Corda: ChangeSet migration/node-services.changelog-init.xml::1511451595465-42::R3.Corda ran successfully in 1ms
?[m?[37m[INFO] 22:41:08,349 [Test worker] liquibase.info - master.changelog.json: migration/node-services.changelog-init.xml::1511451595465-44::R3.Corda: Primary key added to node_scheduled_states (output_index, transaction_id)
?[m?[37m[INFO] 22:41:08,349 [Test worker] liquibase.info - master.changelog.json: migration/node-services.changelog-init.xml::1511451595465-44::R3.Corda: ChangeSet migration/node-services.changelog-init.xml::1511451595465-44::R3.Corda ran successfully in 1ms
?[m?[37m[INFO] 22:41:08,352 [Test worker] liquibase.info - master.changelog.json: migration/node-services.changelog-init.xml::1511451595465-45::R3.Corda: Primary key added to node_transaction_mappings (tx_id)
?[m?[37m[INFO] 22:41:08,352 [Test worker] liquibase.info - master.changelog.json: migration/node-services.changelog-init.xml::1511451595465-45::R3.Corda: ChangeSet migration/node-services.changelog-init.xml::1511451595465-45::R3.Corda ran successfully in 1ms
?[m?[37m[INFO] 22:41:08,355 [Test worker] liquibase.info - master.changelog.json: migration/node-services.changelog-init.xml::1511451595465-46::R3.Corda: Primary key added to node_transactions (tx_id)
?[m?[37m[INFO] 22:41:08,356 [Test worker] liquibase.info - master.changelog.json: migration/node-services.changelog-init.xml::1511451595465-46::R3.Corda: ChangeSet migration/node-services.changelog-init.xml::1511451595465-46::R3.Corda ran successfully in 1ms
?[m?[37m[INFO] 22:41:08,360 [Test worker] liquibase.info - master.changelog.json: migration/node-services.changelog-init.xml::1511451595465-61::R3.Corda: Foreign key constraint added to node_link_nodeinfo_party (party_name)
?[m?[37m[INFO] 22:41:08,361 [Test worker] liquibase.info - master.changelog.json: migration/node-services.changelog-init.xml::1511451595465-61::R3.Corda: ChangeSet migration/node-services.changelog-init.xml::1511451595465-61::R3.Corda ran successfully in 3ms
?[m?[37m[INFO] 22:41:08,364 [Test worker] liquibase.info - master.changelog.json: migration/node-services.changelog-init.xml::add index att_id::R3.Corda: Index att_id_idx created
?[m?[37m[INFO] 22:41:08,364 [Test worker] liquibase.info - master.changelog.json: migration/node-services.changelog-init.xml::add index att_id::R3.Corda: ChangeSet migration/node-services.changelog-init.xml::add index att_id::R3.Corda ran successfully in 1ms
?[m?[37m[INFO] 22:41:08,367 [Test worker] liquibase.info - master.changelog.json: migration/node-services.changelog-init.xml::add_contract_attachment::R3.Corda: Table node_attchments_contracts created
?[m?[37m[INFO] 22:41:08,371 [Test worker] liquibase.info - master.changelog.json: migration/node-services.changelog-init.xml::add_contract_attachment::R3.Corda: Foreign key constraint added to node_attchments_contracts (att_id)
?[m?[37m[INFO] 22:41:08,372 [Test worker] liquibase.info - master.changelog.json: migration/node-services.changelog-init.xml::add_contract_attachment::R3.Corda: Data deleted from node_attachments
?[m?[37m[INFO] 22:41:08,372 [Test worker] liquibase.info - master.changelog.json: migration/node-services.changelog-init.xml::add_contract_attachment::R3.Corda: ChangeSet migration/node-services.changelog-init.xml::add_contract_attachment::R3.Corda ran successfully in 6ms
?[m?[37m[INFO] 22:41:08,386 [Test worker] liquibase.info - master.changelog.json: migration/node-services.changelog-init.xml::add_dedup_columns::R3.Corda: Columns sender(NVARCHAR(64)),sequence_number(BIGINT) added to node_message_ids
?[m?[37m[INFO] 22:41:08,386 [Test worker] liquibase.info - master.changelog.json: migration/node-services.changelog-init.xml::add_dedup_columns::R3.Corda: ChangeSet migration/node-services.changelog-init.xml::add_dedup_columns::R3.Corda ran successfully in 11ms
?[m?[37m[INFO] 22:41:08,390 [Test worker] liquibase.info - master.changelog.json: migration/node-core.changelog-v4.xml::attchments_rename::R3.Corda: Table node_attchments_contracts renamed to node_attachments_contracts
?[m?[37m[INFO] 22:41:08,391 [Test worker] liquibase.info - master.changelog.json: migration/node-core.changelog-v4.xml::attchments_rename::R3.Corda: ChangeSet migration/node-core.changelog-v4.xml::attchments_rename::R3.Corda ran successfully in 2ms
?[m?[37m[INFO] 22:41:08,393 [Test worker] liquibase.info - master.changelog.json: migration/node-core.changelog-v4.xml::nullability::R3.Corda: Null constraint has been added to node_identities.identity_value
?[m?[37m[INFO] 22:41:08,395 [Test worker] liquibase.info - master.changelog.json: migration/node-core.changelog-v4.xml::nullability::R3.Corda: Null constraint has been added to node_attachments.content
?[m?[37m[INFO] 22:41:08,396 [Test worker] liquibase.info - master.changelog.json: migration/node-core.changelog-v4.xml::nullability::R3.Corda: Null constraint has been added to node_attachments_contracts.contract_class_name
?[m?[37m[INFO] 22:41:08,397 [Test worker] liquibase.info - master.changelog.json: migration/node-core.changelog-v4.xml::nullability::R3.Corda: Null constraint has been added to node_checkpoints.checkpoint_value
?[m?[37m[INFO] 22:41:08,397 [Test worker] liquibase.info - master.changelog.json: migration/node-core.changelog-v4.xml::nullability::R3.Corda: Null constraint has been added to node_contract_upgrades.contract_class_name
?[m?[37m[INFO] 22:41:08,398 [Test worker] liquibase.info - master.changelog.json: migration/node-core.changelog-v4.xml::nullability::R3.Corda: Null constraint has been added to node_message_ids.insertion_time
?[m?[37m[INFO] 22:41:08,399 [Test worker] liquibase.info - master.changelog.json: migration/node-core.changelog-v4.xml::nullability::R3.Corda: Null constraint has been added to node_message_retry.message
?[m?[37m[INFO] 22:41:08,400 [Test worker] liquibase.info - master.changelog.json: migration/node-core.changelog-v4.xml::nullability::R3.Corda: Null constraint has been added to node_message_retry.recipients
?[m?[37m[INFO] 22:41:08,401 [Test worker] liquibase.info - master.changelog.json: migration/node-core.changelog-v4.xml::nullability::R3.Corda: Null constraint has been added to node_named_identities.pk_hash
?[m?[37m[INFO] 22:41:08,402 [Test worker] liquibase.info - master.changelog.json: migration/node-core.changelog-v4.xml::nullability::R3.Corda: Null constraint has been added to node_our_key_pairs.private_key
?[m?[37m[INFO] 22:41:08,402 [Test worker] liquibase.info - master.changelog.json: migration/node-core.changelog-v4.xml::nullability::R3.Corda: Null constraint has been added to node_our_key_pairs.public_key
?[m?[37m[INFO] 22:41:08,404 [Test worker] liquibase.info - master.changelog.json: migration/node-core.changelog-v4.xml::nullability::R3.Corda: Null constraint has been added to node_transaction_mappings.state_machine_run_id
?[m?[37m[INFO] 22:41:08,405 [Test worker] liquibase.info - master.changelog.json: migration/node-core.changelog-v4.xml::nullability::R3.Corda: Null constraint has been added to node_transactions.transaction_value
?[m?[37m[INFO] 22:41:08,405 [Test worker] liquibase.info - master.changelog.json: migration/node-core.changelog-v4.xml::nullability::R3.Corda: ChangeSet migration/node-core.changelog-v4.xml::nullability::R3.Corda ran successfully in 13ms
?[m?[37m[INFO] 22:41:08,413 [Test worker] liquibase.info - master.changelog.json: migration/node-core.changelog-v5.xml::remove_unused_node_message_retry::R3.Corda: Table node_message_retry dropped
?[m?[37m[INFO] 22:41:08,414 [Test worker] liquibase.info - master.changelog.json: migration/node-core.changelog-v5.xml::remove_unused_node_message_retry::R3.Corda: ChangeSet migration/node-core.changelog-v5.xml::remove_unused_node_message_retry::R3.Corda ran successfully in 4ms
?[m?[37m[INFO] 22:41:08,511 [Test worker] liquibase.info - master.changelog.json: migration/node-core.changelog-v8.xml::conditional_attchments_rename::R3.Corda: Marking ChangeSet: migration/node-core.changelog-v8.xml::conditional_attchments_rename::R3.Corda ran despite precondition failure due to onFail='MARK_RAN': 
          master.changelog.json : Table PUBLIC.NODE_ATTCHMENTS_CONTRACTS does not exist

?[m?[37m[INFO] 22:41:08,562 [Test worker] liquibase.info - master.changelog.json: migration/node-core.changelog-v8.xml::conditional_attchments_contracts::R3.Corda: Marking ChangeSet: migration/node-core.changelog-v8.xml::conditional_attchments_contracts::R3.Corda ran despite precondition failure due to onFail='MARK_RAN': 
          master.changelog.json : Table PUBLIC.NODE_ATTACHMENTS_CONTRACT_CLASS_NAME does not exist

?[m?[37m[INFO] 22:41:08,565 [Test worker] liquibase.info - master.changelog.json: migration/node-core.changelog-v8.xml::add_signers::R3.Corda: Table node_attachments_signers created
?[m?[37m[INFO] 22:41:08,567 [Test worker] liquibase.info - master.changelog.json: migration/node-core.changelog-v8.xml::add_signers::R3.Corda: Foreign key constraint added to node_attachments_signers (att_id)
?[m?[37m[INFO] 22:41:08,567 [Test worker] liquibase.info - master.changelog.json: migration/node-core.changelog-v8.xml::add_signers::R3.Corda: ChangeSet migration/node-core.changelog-v8.xml::add_signers::R3.Corda ran successfully in 3ms
?[m?[37m[INFO] 22:41:08,574 [Test worker] liquibase.info - master.changelog.json: migration/node-core.changelog-tx-mapping.xml::add_tx_mapping_column::R3.Corda: Columns state_machine_run_id(NVARCHAR(36)) added to node_transactions
?[m?[37m[INFO] 22:41:08,576 [Test worker] liquibase.info - master.changelog.json: migration/node-core.changelog-tx-mapping.xml::add_tx_mapping_column::R3.Corda: Custom SQL executed
?[m?[37m[INFO] 22:41:08,577 [Test worker] liquibase.info - master.changelog.json: migration/node-core.changelog-tx-mapping.xml::add_tx_mapping_column::R3.Corda: Table node_transaction_mappings dropped
?[m?[37m[INFO] 22:41:08,578 [Test worker] liquibase.info - master.changelog.json: migration/node-core.changelog-tx-mapping.xml::add_tx_mapping_column::R3.Corda: ChangeSet migration/node-core.changelog-tx-mapping.xml::add_tx_mapping_column::R3.Corda ran successfully in 8ms
?[m?[37m[INFO] 22:41:08,580 [Test worker] liquibase.info - master.changelog.json: migration/node-services.changelog-init.xml::add_network_parameters_storage::R3.Corda: Table node_network_parameters created
?[m?[37m[INFO] 22:41:08,581 [Test worker] liquibase.info - master.changelog.json: migration/node-services.changelog-init.xml::add_network_parameters_storage::R3.Corda: ChangeSet migration/node-services.changelog-init.xml::add_network_parameters_storage::R3.Corda ran successfully in 1ms
?[m?[37m[INFO] 22:41:08,583 [Test worker] liquibase.info - master.changelog.json: migration/node-services.changelog-init.xml::network_parameters_pk::R3.Corda: Primary key added to node_network_parameters (hash)
?[m?[37m[INFO] 22:41:08,583 [Test worker] liquibase.info - master.changelog.json: migration/node-services.changelog-init.xml::network_parameters_pk::R3.Corda: ChangeSet migration/node-services.changelog-init.xml::network_parameters_pk::R3.Corda ran successfully in 1ms
?[m?[37m[INFO] 22:41:08,592 [Test worker] liquibase.info - master.changelog.json: migration/node-services.changelog-init.xml::add_version_column::R3.Corda: Columns version(INT) added to node_attachments
?[m?[37m[INFO] 22:41:08,593 [Test worker] liquibase.info - master.changelog.json: migration/node-services.changelog-init.xml::add_version_column::R3.Corda: Custom SQL executed
?[m?[37m[INFO] 22:41:08,595 [Test worker] liquibase.info - master.changelog.json: migration/node-services.changelog-init.xml::add_version_column::R3.Corda: Null constraint has been added to node_attachments.version
?[m?[37m[INFO] 22:41:08,595 [Test worker] liquibase.info - master.changelog.json: migration/node-services.changelog-init.xml::add_version_column::R3.Corda: ChangeSet migration/node-services.changelog-init.xml::add_version_column::R3.Corda ran successfully in 10ms
?[m?[37m[INFO] 22:41:08,598 [Test worker] persistence.AttachmentVersionNumberMigration.execute - Start executing...
?[m?[37m[INFO] 22:41:08,606 [Test worker] persistence.AttachmentVersionNumberMigration.execute - Attachment version creation from whitelisted JARs using network parameters from build/mock-network/20191205-044041.053/nodes/0/network-parameters, whitelistedContractImplementations: {}.
?[m?[37m[INFO] 22:41:08,607 [Test worker] persistence.AttachmentVersionNumberMigration.execute - Attachment version creation from whitelisted JARs skipped, no attachments not found.
?[m?[37m[INFO] 22:41:08,607 [Test worker] liquibase.info - master.changelog.json: migration/node-services.changelog-init.xml::update-version-of-whitelisted-jars::R3.Corda: null
?[m?[37m[INFO] 22:41:08,607 [Test worker] liquibase.info - master.changelog.json: migration/node-services.changelog-init.xml::update-version-of-whitelisted-jars::R3.Corda: ChangeSet migration/node-services.changelog-init.xml::update-version-of-whitelisted-jars::R3.Corda ran successfully in 10ms
?[m?[37m[INFO] 22:41:08,609 [Test worker] migration.VaultStateMigration.execute - Migrating vault state data to V4 tables
?[m?[37m[INFO] 22:41:08,745 [Test worker] persistence.HibernateConfiguration.<init> - Init HibernateConfiguration for schemas: [VaultMigrationSchemaV1(name=net.corda.node.migration.VaultMigrationSchema, version=1), VaultSchemaV1(name=net.corda.node.services.vault.VaultSchema, version=1)]
?[m?[37m[INFO] 22:41:08,752 [Test worker] persistence.HibernateConfiguration.makeSessionFactoryForSchemas - Creating session factory for schemas: [VaultMigrationSchemaV1(name=net.corda.node.migration.VaultMigrationSchema, version=1), VaultSchemaV1(name=net.corda.node.services.vault.VaultSchema, version=1)]
?[m?[37m[INFO] 22:41:09,230 [Test worker] hibernate.Version.logVersion - HHH000412: Hibernate Core {5.3.6.Final}
?[m?[37m[INFO] 22:41:09,233 [Test worker] cfg.Environment.<clinit> - HHH000206: hibernate.properties not found
?[m?[37m[INFO] 22:41:09,479 [Test worker] common.Version.<clinit> - HCANN000001: Hibernate Commons Annotations {5.0.4.Final}
?[m?[37m[INFO] 22:41:09,903 [Test worker] internal.ConnectionProviderInitiator.initiateService - HHH000130: Instantiating explicit connection provider: net.corda.nodeapi.internal.persistence.HibernateConfiguration$NodeDatabaseConnectionProvider
?[m?[37m[INFO] 22:41:09,959 [Test worker] dialect.Dialect.<init> - HHH000400: Using dialect: org.hibernate.dialect.H2Dialect
?[m?[37m[INFO] 22:41:10,060 [Test worker] type.BasicTypeRegistry.register - HHH000270: Type registration [materialized_blob] overrides previous : org.hibernate.type.MaterializedBlobType@4b959e3d
?[m?[37m[INFO] 22:41:12,163 [Test worker] connections.access.getIsolatedConnection - HHH10001501: Connection obtained from JdbcConnectionAccess [org.hibernate.engine.jdbc.env.internal.JdbcEnvironmentInitiator$ConnectionProviderJdbcConnectionAccess@13025129] for (non-JTA) DDL execution was not in auto-commit mode; the Connection 'local transaction' will be committed and the Connection will be set into auto-commit mode.
?[m?[37m[INFO] 22:41:12,398 [Test worker] persistence.HibernateConfiguration.makeSessionFactoryForSchemas - Created session factory for schemas: [VaultMigrationSchemaV1(name=net.corda.node.migration.VaultMigrationSchema, version=1), VaultSchemaV1(name=net.corda.node.services.vault.VaultSchema, version=1)]
?[m?[37m[INFO] 22:41:13,019 [Test worker] internal.QueryTranslatorFactoryInitiator.initiateService - HHH000397: Using ASTQueryTranslatorFactory
?[m?[37m[INFO] 22:41:13,701 [Test worker] migration.VaultStateMigration.execute - Finished performing vault state data migration for 0 states
?[m?[37m[INFO] 22:41:13,702 [Test worker] liquibase.info - master.changelog.json: migration/vault-schema.changelog-v9.xml::update-vault-states::R3.Corda: null
?[m?[37m[INFO] 22:41:13,702 [Test worker] liquibase.info - master.changelog.json: migration/vault-schema.changelog-v9.xml::update-vault-states::R3.Corda: ChangeSet migration/vault-schema.changelog-v9.xml::update-vault-states::R3.Corda ran successfully in 5093ms
?[m?[37m[INFO] 22:41:13,710 [Test worker] liquibase.info - master.changelog.json: migration/node-services.changelog-init.xml::1511451595465-16::R3.Corda: Table node_notary_committed_states created
?[m?[37m[INFO] 22:41:13,710 [Test worker] liquibase.info - master.changelog.json: migration/node-services.changelog-init.xml::1511451595465-16::R3.Corda: ChangeSet migration/node-services.changelog-init.xml::1511451595465-16::R3.Corda ran successfully in 3ms
?[m?[37m[INFO] 22:41:13,717 [Test worker] liquibase.info - master.changelog.json: migration/node-services.changelog-init.xml::1521131680317-17::R3.Corda: Table node_notary_request_log created
?[m?[37m[INFO] 22:41:13,717 [Test worker] liquibase.info - master.changelog.json: migration/node-services.changelog-init.xml::1521131680317-17::R3.Corda: ChangeSet migration/node-services.changelog-init.xml::1521131680317-17::R3.Corda ran successfully in 3ms
?[m?[37m[INFO] 22:41:13,722 [Test worker] liquibase.info - master.changelog.json: migration/node-services.changelog-init.xml::1511451595465-41::R3.Corda: Primary key added to node_notary_committed_states (output_index, transaction_id)
?[m?[37m[INFO] 22:41:13,722 [Test worker] liquibase.info - master.changelog.json: migration/node-services.changelog-init.xml::1511451595465-41::R3.Corda: ChangeSet migration/node-services.changelog-init.xml::1511451595465-41::R3.Corda ran successfully in 2ms
?[m?[37m[INFO] 22:41:13,727 [Test worker] liquibase.info - master.changelog.json: migration/node-services.changelog-init.xml::1521131680317-48::R3.Corda: Primary key added to node_notary_request_log (id)
?[m?[37m[INFO] 22:41:13,728 [Test worker] liquibase.info - master.changelog.json: migration/node-services.changelog-init.xml::1521131680317-48::R3.Corda: ChangeSet migration/node-services.changelog-init.xml::1521131680317-48::R3.Corda ran successfully in 1ms
?[m?[37m[INFO] 22:41:13,735 [Test worker] liquibase.info - master.changelog.json: migration/node-services.changelog-init.xml::nullability::R3.Corda: Null constraint has been added to node_notary_committed_states.consuming_transaction_id
?[m?[37m[INFO] 22:41:13,736 [Test worker] liquibase.info - master.changelog.json: migration/node-services.changelog-init.xml::nullability::R3.Corda: ChangeSet migration/node-services.changelog-init.xml::nullability::R3.Corda ran successfully in 3ms
?[m?[37m[INFO] 22:41:13,815 [Test worker] liquibase.info - master.changelog.json: migration/node-notary.changelog-v2.xml::rename-table-notary-commit-log::R3.Corda: Marking ChangeSet: migration/node-notary.changelog-v2.xml::rename-table-notary-commit-log::R3.Corda ran despite precondition failure due to onFail='MARK_RAN': 
          master.changelog.json : Table PUBLIC.node_notary_commit_log does not exist

?[m?[37m[INFO] 22:41:13,833 [Test worker] liquibase.info - master.changelog.json: migration/node-notary.changelog-v2.xml::create-notary-request-log-table::R3.Corda: Marking ChangeSet: migration/node-notary.changelog-v2.xml::create-notary-request-log-table::R3.Corda ran despite precondition failure due to onFail='MARK_RAN': 
          master.changelog.json : Not precondition failed

?[m?[37m[INFO] 22:41:13,843 [Test worker] liquibase.info - master.changelog.json: migration/node-notary.changelog-committed-transactions-table.xml::create-notary-committed-transactions-table::R3.Corda: Table node_notary_committed_txs created
?[m?[37m[INFO] 22:41:13,844 [Test worker] liquibase.info - master.changelog.json: migration/node-notary.changelog-committed-transactions-table.xml::create-notary-committed-transactions-table::R3.Corda: Primary key added to node_notary_committed_txs (transaction_id)
?[m?[37m[INFO] 22:41:13,845 [Test worker] liquibase.info - master.changelog.json: migration/node-notary.changelog-committed-transactions-table.xml::create-notary-committed-transactions-table::R3.Corda: ChangeSet migration/node-notary.changelog-committed-transactions-table.xml::create-notary-committed-transactions-table::R3.Corda ran successfully in 3ms
?[m?[37m[INFO] 22:41:13,852 [Test worker] liquibase.info - Successfully released change log lock
?[m?[37m[INFO] 22:41:13,857 [Test worker] internal.InternalMockNetwork$MockNode.invoke - Connected to H2 database.
?[m?[37m[INFO] 22:41:13,894 [Test worker] persistence.HibernateConfiguration.<init> - Init HibernateConfiguration for schemas: [CommonSchemaV1(name=net.corda.core.schemas.CommonSchema, version=1), VaultSchemaV1(name=net.corda.node.services.vault.VaultSchema, version=1), NodeInfoSchemaV1(name=net.corda.node.internal.schemas.NodeInfoSchema, version=1), NodeCoreV1(name=net.corda.node.services.schema.NodeSchemaService$NodeCore, version=1), IOUSchemaV1(name=com.example.schema.IOUSchema, version=1), NodeNotarySchemaV1(name=net.corda.node.services.transactions.NodeNotarySchema, version=1)]
?[m?[37m[INFO] 22:41:13,895 [Test worker] persistence.HibernateConfiguration.makeSessionFactoryForSchemas - Creating session factory for schemas: [CommonSchemaV1(name=net.corda.core.schemas.CommonSchema, version=1), VaultSchemaV1(name=net.corda.node.services.vault.VaultSchema, version=1), NodeInfoSchemaV1(name=net.corda.node.internal.schemas.NodeInfoSchema, version=1), NodeCoreV1(name=net.corda.node.services.schema.NodeSchemaService$NodeCore, version=1), IOUSchemaV1(name=com.example.schema.IOUSchema, version=1), NodeNotarySchemaV1(name=net.corda.node.services.transactions.NodeNotarySchema, version=1)]
?[m?[37m[INFO] 22:41:13,906 [Test worker] internal.ConnectionProviderInitiator.initiateService - HHH000130: Instantiating explicit connection provider: net.corda.nodeapi.internal.persistence.HibernateConfiguration$NodeDatabaseConnectionProvider
?[m?[37m[INFO] 22:41:13,907 [Test worker] dialect.Dialect.<init> - HHH000400: Using dialect: org.hibernate.dialect.H2Dialect
?[m?[37m[INFO] 22:41:13,915 [Test worker] type.BasicTypeRegistry.register - HHH000270: Type registration [materialized_blob] overrides previous : org.hibernate.type.MaterializedBlobType@4b959e3d
?[m?[37m[INFO] 22:41:14,379 [Test worker] connections.access.getIsolatedConnection - HHH10001501: Connection obtained from JdbcConnectionAccess [org.hibernate.engine.jdbc.env.internal.JdbcEnvironmentInitiator$ConnectionProviderJdbcConnectionAccess@49577e48] for (non-JTA) DDL execution was not in auto-commit mode; the Connection 'local transaction' will be committed and the Connection will be set into auto-commit mode.
?[m?[37m[INFO] 22:41:14,646 [Test worker] persistence.HibernateConfiguration.makeSessionFactoryForSchemas - Created session factory for schemas: [CommonSchemaV1(name=net.corda.core.schemas.CommonSchema, version=1), VaultSchemaV1(name=net.corda.node.services.vault.VaultSchema, version=1), NodeInfoSchemaV1(name=net.corda.node.internal.schemas.NodeInfoSchema, version=1), NodeCoreV1(name=net.corda.node.services.schema.NodeSchemaService$NodeCore, version=1), IOUSchemaV1(name=com.example.schema.IOUSchema, version=1), NodeNotarySchemaV1(name=net.corda.node.services.transactions.NodeNotarySchema, version=1)]
?[m?[37m[INFO] 22:41:14,653 [Test worker] internal.QueryTranslatorFactoryInitiator.initiateService - HHH000397: Using ASTQueryTranslatorFactory
?[m?[37m[INFO] 22:41:14,681 [Test worker] internal.InternalMockNetwork$MockNode.updateNodeInfo - Node-info has changed so submitting update. Old node-info was null
?[m?[37m[INFO] 22:41:14,683 [Test worker] network.PersistentNetworkMapCache.addNode - Adding node with info: NodeInfo(addresses=[mock.node:1000], legalIdentitiesAndCerts=[O=Notary Service, L=Zurich, C=CH], platformVersion=4, serial=1575520874682)
?[m?[37m[INFO] 22:41:14,695 [Test worker] network.PersistentNetworkMapCache.addNode - No previous node found
[...]
?[m?[37m[INFO] 22:41:19,032 [Test worker] liquibase.info - master.changelog.json: migration/node-core.changelog-v4.xml::nullability::R3.Corda: Null constraint has been added to node_attachments_contracts.contract_class_name
?[m?[37m[INFO] 22:41:19,033 [Test worker] liquibase.info - master.changelog.json: migration/node-core.changelog-v4.xml::nullability::R3.Corda: Null constraint has been added to node_checkpoints.checkpoint_value
?[m?[37m[INFO] 22:41:19,033 [Test worker] liquibase.info - master.changelog.json: migration/node-core.changelog-v4.xml::nullability::R3.Corda: Null constraint has been added to node_contract_upgrades.contract_class_name
?[m?[37m[INFO] 22:41:19,034 [Test worker] liquibase.info - master.changelog.json: migration/node-core.changelog-v4.xml::nullability::R3.Corda: Null constraint has been added to node_message_ids.insertion_time
?[m?[37m[INFO] 22:41:19,034 [Test worker] liquibase.info - master.changelog.json: migration/node-core.changelog-v4.xml::nullability::R3.Corda: Null constraint has been added to node_message_retry.message
?[m?[37m[INFO] 22:41:19,035 [Test worker] liquibase.info - master.changelog.json: migration/node-core.changelog-v4.xml::nullability::R3.Corda: Null constraint has been added to node_message_retry.recipients
?[m?[37m[INFO] 22:41:19,035 [Test worker] liquibase.info - master.changelog.json: migration/node-core.changelog-v4.xml::nullability::R3.Corda: Null constraint has been added to node_named_identities.pk_hash
?[m?[37m[INFO] 22:41:19,036 [Test worker] liquibase.info - master.changelog.json: migration/node-core.changelog-v4.xml::nullability::R3.Corda: Null constraint has been added to node_our_key_pairs.private_key
?[m?[37m[INFO] 22:41:19,036 [Test worker] liquibase.info - master.changelog.json: migration/node-core.changelog-v4.xml::nullability::R3.Corda: Null constraint has been added to node_our_key_pairs.public_key
?[m?[37m[INFO] 22:41:19,037 [Test worker] liquibase.info - master.changelog.json: migration/node-core.changelog-v4.xml::nullability::R3.Corda: Null constraint has been added to node_transaction_mappings.state_machine_run_id
?[m?[37m[INFO] 22:41:19,037 [Test worker] liquibase.info - master.changelog.json: migration/node-core.changelog-v4.xml::nullability::R3.Corda: Null constraint has been added to node_transactions.transaction_value
?[m?[37m[INFO] 22:41:19,038 [Test worker] liquibase.info - master.changelog.json: migration/node-core.changelog-v4.xml::nullability::R3.Corda: ChangeSet migration/node-core.changelog-v4.xml::nullability::R3.Corda ran successfully in 7ms
?[m?[37m[INFO] 22:41:19,041 [Test worker] liquibase.info - master.changelog.json: migration/node-core.changelog-v5.xml::remove_unused_node_message_retry::R3.Corda: Table node_message_retry dropped
?[m?[37m[INFO] 22:41:19,041 [Test worker] liquibase.info - master.changelog.json: migration/node-core.changelog-v5.xml::remove_unused_node_message_retry::R3.Corda: ChangeSet migration/node-core.changelog-v5.xml::remove_unused_node_message_retry::R3.Corda ran successfully in 1ms
?[m?[37m[INFO] 22:41:19,077 [Test worker] liquibase.info - master.changelog.json: migration/node-core.changelog-v8.xml::conditional_attchments_rename::R3.Corda: Marking ChangeSet: migration/node-core.changelog-v8.xml::conditional_attchments_rename::R3.Corda ran despite precondition failure due to onFail='MARK_RAN': 
          master.changelog.json : Table PUBLIC.NODE_ATTCHMENTS_CONTRACTS does not exist

?[m?[37m[INFO] 22:41:19,097 [Test worker] liquibase.info - master.changelog.json: migration/node-core.changelog-v8.xml::conditional_attchments_contracts::R3.Corda: Marking ChangeSet: migration/node-core.changelog-v8.xml::conditional_attchments_contracts::R3.Corda ran despite precondition failure due to onFail='MARK_RAN': 
          master.changelog.json : Table PUBLIC.NODE_ATTACHMENTS_CONTRACT_CLASS_NAME does not exist

?[m?[37m[INFO] 22:41:19,100 [Test worker] liquibase.info - master.changelog.json: migration/node-core.changelog-v8.xml::add_signers::R3.Corda: Table node_attachments_signers created
?[m?[37m[INFO] 22:41:19,101 [Test worker] liquibase.info - master.changelog.json: migration/node-core.changelog-v8.xml::add_signers::R3.Corda: Foreign key constraint added to node_attachments_signers (att_id)
?[m?[37m[INFO] 22:41:19,101 [Test worker] liquibase.info - master.changelog.json: migration/node-core.changelog-v8.xml::add_signers::R3.Corda: ChangeSet migration/node-core.changelog-v8.xml::add_signers::R3.Corda ran successfully in 2ms
?[m?[37m[INFO] 22:41:19,106 [Test worker] liquibase.info - master.changelog.json: migration/node-core.changelog-tx-mapping.xml::add_tx_mapping_column::R3.Corda: Columns state_machine_run_id(NVARCHAR(36)) added to node_transactions
?[m?[37m[INFO] 22:41:19,107 [Test worker] liquibase.info - master.changelog.json: migration/node-core.changelog-tx-mapping.xml::add_tx_mapping_column::R3.Corda: Custom SQL executed
?[m?[37m[INFO] 22:41:19,108 [Test worker] liquibase.info - master.changelog.json: migration/node-core.changelog-tx-mapping.xml::add_tx_mapping_column::R3.Corda: Table node_transaction_mappings dropped
?[m?[37m[INFO] 22:41:19,109 [Test worker] liquibase.info - master.changelog.json: migration/node-core.changelog-tx-mapping.xml::add_tx_mapping_column::R3.Corda: ChangeSet migration/node-core.changelog-tx-mapping.xml::add_tx_mapping_column::R3.Corda ran successfully in 6ms
?[m?[37m[INFO] 22:41:19,112 [Test worker] liquibase.info - master.changelog.json: migration/node-services.changelog-init.xml::add_network_parameters_storage::R3.Corda: Table node_network_parameters created
?[m?[37m[INFO] 22:41:19,112 [Test worker] liquibase.info - master.changelog.json: migration/node-services.changelog-init.xml::add_network_parameters_storage::R3.Corda: ChangeSet migration/node-services.changelog-init.xml::add_network_parameters_storage::R3.Corda ran successfully in 2ms
?[m?[37m[INFO] 22:41:19,115 [Test worker] liquibase.info - master.changelog.json: migration/node-services.changelog-init.xml::network_parameters_pk::R3.Corda: Primary key added to node_network_parameters (hash)
?[m?[37m[INFO] 22:41:19,115 [Test worker] liquibase.info - master.changelog.json: migration/node-services.changelog-init.xml::network_parameters_pk::R3.Corda: ChangeSet migration/node-services.changelog-init.xml::network_parameters_pk::R3.Corda ran successfully in 1ms
?[m?[37m[INFO] 22:41:19,123 [Test worker] liquibase.info - master.changelog.json: migration/node-services.changelog-init.xml::add_version_column::R3.Corda: Columns version(INT) added to node_attachments
?[m?[37m[INFO] 22:41:19,123 [Test worker] liquibase.info - master.changelog.json: migration/node-services.changelog-init.xml::add_version_column::R3.Corda: Custom SQL executed
?[m?[37m[INFO] 22:41:19,124 [Test worker] liquibase.info - master.changelog.json: migration/node-services.changelog-init.xml::add_version_column::R3.Corda: Null constraint has been added to node_attachments.version
?[m?[37m[INFO] 22:41:19,124 [Test worker] liquibase.info - master.changelog.json: migration/node-services.changelog-init.xml::add_version_column::R3.Corda: ChangeSet migration/node-services.changelog-init.xml::add_version_column::R3.Corda ran successfully in 7ms
?[m?[37m[INFO] 22:41:19,126 [Test worker] persistence.AttachmentVersionNumberMigration.execute - Start executing...
?[m?[37m[INFO] 22:41:19,130 [Test worker] persistence.AttachmentVersionNumberMigration.execute - Attachment version creation from whitelisted JARs using network parameters from build/mock-network/20191205-044041.053/nodes/2/network-parameters, whitelistedContractImplementations: {}.
?[m?[37m[INFO] 22:41:19,130 [Test worker] persistence.AttachmentVersionNumberMigration.execute - Attachment version creation from whitelisted JARs skipped, no attachments not found.
?[m?[37m[INFO] 22:41:19,130 [Test worker] liquibase.info - master.changelog.json: migration/node-services.changelog-init.xml::update-version-of-whitelisted-jars::R3.Corda: null
?[m?[37m[INFO] 22:41:19,131 [Test worker] liquibase.info - master.changelog.json: migration/node-services.changelog-init.xml::update-version-of-whitelisted-jars::R3.Corda: ChangeSet migration/node-services.changelog-init.xml::update-version-of-whitelisted-jars::R3.Corda ran successfully in 5ms
?[m?[37m[INFO] 22:41:19,133 [Test worker] migration.VaultStateMigration.execute - Migrating vault state data to V4 tables
?[m?[37m[INFO] 22:41:19,137 [Test worker] persistence.HibernateConfiguration.<init> - Init HibernateConfiguration for schemas: [VaultMigrationSchemaV1(name=net.corda.node.migration.VaultMigrationSchema, version=1), VaultSchemaV1(name=net.corda.node.services.vault.VaultSchema, version=1)]
?[m?[37m[INFO] 22:41:19,137 [Test worker] persistence.HibernateConfiguration.makeSessionFactoryForSchemas - Creating session factory for schemas: [VaultMigrationSchemaV1(name=net.corda.node.migration.VaultMigrationSchema, version=1), VaultSchemaV1(name=net.corda.node.services.vault.VaultSchema, version=1)]
?[m?[37m[INFO] 22:41:19,145 [Test worker] internal.ConnectionProviderInitiator.initiateService - HHH000130: Instantiating explicit connection provider: net.corda.nodeapi.internal.persistence.HibernateConfiguration$NodeDatabaseConnectionProvider
?[m?[37m[INFO] 22:41:19,146 [Test worker] dialect.Dialect.<init> - HHH000400: Using dialect: org.hibernate.dialect.H2Dialect
?[m?[37m[INFO] 22:41:19,152 [Test worker] type.BasicTypeRegistry.register - HHH000270: Type registration [materialized_blob] overrides previous : org.hibernate.type.MaterializedBlobType@4b959e3d
?[m?[37m[INFO] 22:41:19,260 [Test worker] connections.access.getIsolatedConnection - HHH10001501: Connection obtained from JdbcConnectionAccess [org.hibernate.engine.jdbc.env.internal.JdbcEnvironmentInitiator$ConnectionProviderJdbcConnectionAccess@388f3f3f] for (non-JTA) DDL execution was not in auto-commit mode; the Connection 'local transaction' will be committed and the Connection will be set into auto-commit mode.
?[m?[37m[INFO] 22:41:19,352 [Test worker] persistence.HibernateConfiguration.makeSessionFactoryForSchemas - Created session factory for schemas: [VaultMigrationSchemaV1(name=net.corda.node.migration.VaultMigrationSchema, version=1), VaultSchemaV1(name=net.corda.node.services.vault.VaultSchema, version=1)]
?[m?[37m[INFO] 22:41:19,354 [Test worker] internal.QueryTranslatorFactoryInitiator.initiateService - HHH000397: Using ASTQueryTranslatorFactory
?[m?[37m[INFO] 22:41:19,375 [Test worker] migration.VaultStateMigration.execute - Finished performing vault state data migration for 0 states
?[m?[37m[INFO] 22:41:19,376 [Test worker] liquibase.info - master.changelog.json: migration/vault-schema.changelog-v9.xml::update-vault-states::R3.Corda: null
?[m?[37m[INFO] 22:41:19,376 [Test worker] liquibase.info - master.changelog.json: migration/vault-schema.changelog-v9.xml::update-vault-states::R3.Corda: ChangeSet migration/vault-schema.changelog-v9.xml::update-vault-states::R3.Corda ran successfully in 244ms
?[m?[37m[INFO] 22:41:19,379 [Test worker] liquibase.info - Successfully released change log lock
?[m?[37m[INFO] 22:41:19,381 [Test worker] internal.InternalMockNetwork$MockNode.invoke - Connected to H2 database.
?[m?[37m[INFO] 22:41:19,384 [Test worker] internal.InternalMockNetwork$MockNode.obtainIdentity - identity-private-key not found in key store, generating fresh key!
?[m?[37m[INFO] 22:41:19,422 [Test worker] persistence.HibernateConfiguration.<init> - Init HibernateConfiguration for schemas: [CommonSchemaV1(name=net.corda.core.schemas.CommonSchema, version=1), VaultSchemaV1(name=net.corda.node.services.vault.VaultSchema, version=1), NodeInfoSchemaV1(name=net.corda.node.internal.schemas.NodeInfoSchema, version=1), NodeCoreV1(name=net.corda.node.services.schema.NodeSchemaService$NodeCore, version=1), IOUSchemaV1(name=com.example.schema.IOUSchema, version=1)]
?[m?[37m[INFO] 22:41:19,423 [Test worker] persistence.HibernateConfiguration.makeSessionFactoryForSchemas - Creating session factory for schemas: [CommonSchemaV1(name=net.corda.core.schemas.CommonSchema, version=1), VaultSchemaV1(name=net.corda.node.services.vault.VaultSchema, version=1), NodeInfoSchemaV1(name=net.corda.node.internal.schemas.NodeInfoSchema, version=1), NodeCoreV1(name=net.corda.node.services.schema.NodeSchemaService$NodeCore, version=1), IOUSchemaV1(name=com.example.schema.IOUSchema, version=1)]
?[m?[37m[INFO] 22:41:19,434 [Test worker] internal.ConnectionProviderInitiator.initiateService - HHH000130: Instantiating explicit connection provider: net.corda.nodeapi.internal.persistence.HibernateConfiguration$NodeDatabaseConnectionProvider
?[m?[37m[INFO] 22:41:19,437 [Test worker] dialect.Dialect.<init> - HHH000400: Using dialect: org.hibernate.dialect.H2Dialect
?[m?[37m[INFO] 22:41:19,442 [Test worker] type.BasicTypeRegistry.register - HHH000270: Type registration [materialized_blob] overrides previous : org.hibernate.type.MaterializedBlobType@4b959e3d
?[m?[37m[INFO] 22:41:19,607 [Test worker] connections.access.getIsolatedConnection - HHH10001501: Connection obtained from JdbcConnectionAccess [org.hibernate.engine.jdbc.env.internal.JdbcEnvironmentInitiator$ConnectionProviderJdbcConnectionAccess@5df5e51c] for (non-JTA) DDL execution was not in auto-commit mode; the Connection 'local transaction' will be committed and the Connection will be set into auto-commit mode.
?[m?[37m[INFO] 22:41:19,747 [Test worker] persistence.HibernateConfiguration.makeSessionFactoryForSchemas - Created session factory for schemas: [CommonSchemaV1(name=net.corda.core.schemas.CommonSchema, version=1), VaultSchemaV1(name=net.corda.node.services.vault.VaultSchema, version=1), NodeInfoSchemaV1(name=net.corda.node.internal.schemas.NodeInfoSchema, version=1), NodeCoreV1(name=net.corda.node.services.schema.NodeSchemaService$NodeCore, version=1), IOUSchemaV1(name=com.example.schema.IOUSchema, version=1)]
?[m?[37m[INFO] 22:41:19,750 [Test worker] internal.QueryTranslatorFactoryInitiator.initiateService - HHH000397: Using ASTQueryTranslatorFactory
?[m?[37m[INFO] 22:41:19,755 [Test worker] internal.InternalMockNetwork$MockNode.updateNodeInfo - Node-info has changed so submitting update. Old node-info was null
?[m?[37m[INFO] 22:41:19,756 [Test worker] network.PersistentNetworkMapCache.addNode - Adding node with info: NodeInfo(addresses=[mock.node:1000], legalIdentitiesAndCerts=[O=Mock Company 2, L=London, C=GB], platformVersion=4, serial=1575520879755)
?[m?[37m[INFO] 22:41:19,760 [Test worker] network.PersistentNetworkMapCache.addNode - No previous node found
?[m?[37m[INFO] 22:41:19,782 [Test worker] internal.InternalMockNetwork$MockNode.updateNodeInfo - New node-info: NodeInfo(addresses=[mock.node:1000], legalIdentitiesAndCerts=[O=Mock Company 2, L=London, C=GB], platformVersion=4, serial=1575520879755)
?[m?[37m[INFO] 22:41:19,796 [Test worker] network.NetworkMapUpdater.apply - Auto-accept enabled for network parameter changes which modify only: [epoch, modifiedTime, packageOwnership, whitelistedContractImplementations]
?[m?[37m[INFO] 22:41:19,802 [MockNode-3-2] network.PersistentNetworkMapCache.addNode - Adding node with info: NodeInfo(addresses=[mock.node:1000], legalIdentitiesAndCerts=[O=Mock Company 2, L=London, C=GB], platformVersion=4, serial=1575520879755)
?[m?[37m[INFO] 22:41:19,821 [MockNode-3-2] network.PersistentNetworkMapCache.addNode - Previous node was identical to incoming one - doing nothing
?[m?[37m[INFO] 22:41:19,856 [Test worker] ClassloaderUtils.logElapsedTime - Contracts loading for '/tmp/attachment5147389892359663082.jar' took 22 msec
?[m?[37m[INFO] 22:41:19,874 [Test worker] persistence.NodeAttachmentService.invoke - Stored new attachment: id=6E96D0A6269B2131CBE8BC9778BCB27A30D998B4205311ADFE1A862504DBED26 uploader=app filename=null
?[m?[37m[INFO] 22:41:19,891 [Test worker] statemachine.SingleThreadedStateMachineManager.invoke - Node ready, info: NodeInfo(addresses=[mock.node:1000], legalIdentitiesAndCerts=[O=Mock Company 2, L=London, C=GB], platformVersion=4, serial=1575520879755)
?[m?[37m[INFO] 22:41:19,898 [Test worker] network.PersistentNetworkMapCache.addNode - Adding node with info: NodeInfo(addresses=[mock.node:1000], legalIdentitiesAndCerts=[O=Notary Service, L=Zurich, C=CH], platformVersion=4, serial=1575520874682)
?[m?[37m[INFO] 22:41:19,901 [Test worker] network.PersistentNetworkMapCache.addNode - No previous node found
?[m?[37m[INFO] 22:41:19,921 [Test worker] network.PersistentNetworkMapCache.addNode - Adding node with info: NodeInfo(addresses=[mock.node:1000], legalIdentitiesAndCerts=[O=Mock Company 2, L=London, C=GB], platformVersion=4, serial=1575520879755)
?[m?[37m[INFO] 22:41:19,923 [Test worker] network.PersistentNetworkMapCache.addNode - No previous node found
?[m?[37m[INFO] 22:41:19,943 [Test worker] network.PersistentNetworkMapCache.addNode - Adding node with info: NodeInfo(addresses=[mock.node:1000], legalIdentitiesAndCerts=[O=Mock Company 1, L=London, C=GB], platformVersion=4, serial=1575520877998)
?[m?[37m[INFO] 22:41:19,945 [Test worker] network.PersistentNetworkMapCache.addNode - No previous node found
?[m?[37m[INFO] 22:41:19,965 [Test worker] network.PersistentNetworkMapCache.addNode - Adding node with info: NodeInfo(addresses=[mock.node:1000], legalIdentitiesAndCerts=[O=Mock Company 2, L=London, C=GB], platformVersion=4, serial=1575520879755)
?[m?[37m[INFO] 22:41:19,968 [Test worker] network.PersistentNetworkMapCache.addNode - No previous node found
?[m?[37m[INFO] 22:41:19,992 [Test worker] network.PersistentNetworkMapCache.addNode - Adding node with info: NodeInfo(addresses=[mock.node:1000], legalIdentitiesAndCerts=[O=Mock Company 2, L=London, C=GB], platformVersion=4, serial=1575520879755)
?[m?[37m[INFO] 22:41:19,992 [Test worker] network.PersistentNetworkMapCache.addNode - Previous node was identical to incoming one - doing nothing
?[m?[37m[INFO] 22:41:19,992 [Test worker] network.PersistentNetworkMapCache.addNode - Adding node with info: NodeInfo(addresses=[mock.node:1000], legalIdentitiesAndCerts=[O=Mock Company 2, L=London, C=GB], platformVersion=4, serial=1575520879755)
?[m?[37m[INFO] 22:41:19,992 [Test worker] network.PersistentNetworkMapCache.addNode - Previous node was identical to incoming one - doing nothing
?[m?[31m[WARN] 22:41:19,995 [Test worker] internal.NodeFlowManager.registerInitiatedFlowFactory - Multiple flows are registered for InitiatingFlow: class com.example.flows.ExampleFlow$Initiator, currently using: class com.example.flows.ExampleFlow$Acceptor
?[m?[37m[INFO] 22:41:19,995 [Test worker] internal.NodeFlowManager.registerInitiatedFlow - Registered com.example.flows.ExampleFlow$Initiator to initiate com.example.flows.ExampleFlow$Acceptor (version 1)
?[m?[31m[WARN] 22:41:20,001 [Test worker] internal.NodeFlowManager.registerInitiatedFlowFactory - Multiple flows are registered for InitiatingFlow: class com.example.flows.ExampleFlow$Initiator, currently using: class com.example.flows.ExampleFlow$Acceptor
?[m?[37m[INFO] 22:41:20,001 [Test worker] internal.NodeFlowManager.registerInitiatedFlow - Registered com.example.flows.ExampleFlow$Initiator to initiate com.example.flows.ExampleFlow$Acceptor (version 1)
?[m?[37m[INFO] 22:41:20,015 [Test worker] pool.HikariPool.shutdown - HikariPool-1 - Close initiated...
?[m?[37m[INFO] 22:41:20,025 [Test worker] pool.HikariPool.shutdown - HikariPool-1 - Closed.
?[m?[37m[INFO] 22:41:20,062 [Test worker] pool.HikariPool.shutdown - HikariPool-2 - Close initiated...
?[m?[37m[INFO] 22:41:20,070 [Test worker] pool.HikariPool.shutdown - HikariPool-2 - Closed.
?[m?[37m[INFO] 22:41:20,073 [Test worker] pool.HikariPool.shutdown - HikariPool-3 - Close initiated...
?[m?[37m[INFO] 22:41:20,077 [Test worker] pool.HikariPool.shutdown - HikariPool-3 - Closed.
?[m]]></system-out>
  <system-err><![CDATA[]]></system-err>
</testsuite>
